<?xml version="1.0" encoding="UTF-8"?>
<testsuite name="ru.stqa.pft.mantis.tests.ChangePasswordUsers" tests="1" skipped="0" failures="0" errors="0" timestamp="2021-09-05T12:47:54" hostname="N-MSK-RUADMK3" time="12.64">
  <properties/>
  <testcase name="testChangePasswordUsers" classname="ru.stqa.pft.mantis.tests.ChangePasswordUsers" time="12.64"/>
  <system-out><![CDATA[15:47:54.756 [Test worker] DEBUG org.subethamail.smtp.server.CommandHandler - Added command: AUTH
15:47:54.756 [Test worker] DEBUG org.subethamail.smtp.server.CommandHandler - Added command: DATA
15:47:54.756 [Test worker] DEBUG org.subethamail.smtp.server.CommandHandler - Added command: EHLO
15:47:54.756 [Test worker] DEBUG org.subethamail.smtp.server.CommandHandler - Added command: HELO
15:47:54.756 [Test worker] DEBUG org.subethamail.smtp.server.CommandHandler - Added command: HELP
15:47:54.756 [Test worker] DEBUG org.subethamail.smtp.server.CommandHandler - Added command: MAIL
15:47:54.756 [Test worker] DEBUG org.subethamail.smtp.server.CommandHandler - Added command: NOOP
15:47:54.756 [Test worker] DEBUG org.subethamail.smtp.server.CommandHandler - Added command: QUIT
15:47:54.756 [Test worker] DEBUG org.subethamail.smtp.server.CommandHandler - Added command: RCPT
15:47:54.756 [Test worker] DEBUG org.subethamail.smtp.server.CommandHandler - Added command: RSET
15:47:54.756 [Test worker] DEBUG org.subethamail.smtp.server.CommandHandler - Added command: STARTTLS
15:47:54.756 [Test worker] DEBUG org.subethamail.smtp.server.CommandHandler - Added command: VRFY
15:47:54.756 [Test worker] INFO org.subethamail.smtp.server.SMTPServer - SMTP server *:25 starting
15:47:54.756 [org.subethamail.smtp.server.ServerThread *:25] INFO org.subethamail.smtp.server.ServerThread - SMTP server *:25 started
15:47:54.794 [Test worker] DEBUG org.hibernate.stat.internal.StatisticsInitiator - Statistics initialized [enabled=false]
15:47:54.810 [Test worker] DEBUG org.hibernate.engine.transaction.internal.TransactionImpl - On TransactionImpl creation, JpaCompliance#isJpaTransactionComplianceEnabled == false
15:47:54.810 [Test worker] DEBUG org.hibernate.engine.transaction.internal.TransactionImpl - begin
15:47:54.810 [Test worker] DEBUG org.hibernate.hql.internal.QueryTranslatorFactoryInitiator - QueryTranslatorFactory: org.hibernate.hql.internal.ast.ASTQueryTranslatorFactory@7021b44a
15:47:54.825 [Test worker] DEBUG org.hibernate.hql.internal.ast.QueryTranslatorImpl - parse() - HQL: from ru.stqa.pft.mantis.model.UsersData
15:47:54.825 [Test worker] DEBUG org.hibernate.hql.internal.ast.ErrorTracker - throwQueryException() : no errors
15:47:54.841 [Test worker] DEBUG org.hibernate.hql.internal.ast.QueryTranslatorImpl - --- HQL AST ---
 \-[QUERY] Node: 'query'
    \-[SELECT_FROM] Node: 'SELECT_FROM'
       \-[FROM] Node: 'from'
          \-[RANGE] Node: 'RANGE'
             \-[DOT] Node: '.'
                +-[DOT] Node: '.'
                |  +-[DOT] Node: '.'
                |  |  +-[DOT] Node: '.'
                |  |  |  +-[DOT] Node: '.'
                |  |  |  |  +-[IDENT] Node: 'ru'
                |  |  |  |  \-[IDENT] Node: 'stqa'
                |  |  |  \-[IDENT] Node: 'pft'
                |  |  \-[IDENT] Node: 'mantis'
                |  \-[IDENT] Node: 'model'
                \-[IDENT] Node: 'UsersData'

15:47:54.857 [Test worker] DEBUG org.hibernate.hql.internal.antlr.HqlSqlBaseWalker - select << begin [level=1, statement=select]
15:47:54.857 [Test worker] DEBUG org.hibernate.hql.internal.ast.tree.FromElement - FromClause{level=1} : ru.stqa.pft.mantis.model.UsersData (<no alias>) -> usersdata0_
15:47:54.857 [Test worker] DEBUG org.hibernate.hql.internal.antlr.HqlSqlBaseWalker - select : finishing up [level=1, statement=select]
15:47:54.857 [Test worker] DEBUG org.hibernate.hql.internal.ast.HqlSqlWalker - processQuery() :  ( SELECT ( FromClause{level=1} mantis_user_table usersdata0_ ) )
15:47:54.857 [Test worker] DEBUG org.hibernate.hql.internal.ast.HqlSqlWalker - Derived SELECT clause created.
15:47:54.857 [Test worker] DEBUG org.hibernate.hql.internal.ast.util.JoinProcessor - Tables referenced from query nodes:
 \-QueryNode
    +-SelectClause
    | referencedTables(entity UsersData): [mantis_user_table]
    |  +-SelectExpressionImpl
    |  | persister: SingleTableEntityPersister(ru.stqa.pft.mantis.model.UsersData)
    |  \-SqlFragment
    \-FromClause
       \-FromElement

15:47:54.857 [Test worker] DEBUG org.hibernate.hql.internal.ast.util.JoinProcessor - Using FROM fragment [mantis_user_table usersdata0_]
15:47:54.873 [Test worker] DEBUG org.hibernate.hql.internal.antlr.HqlSqlBaseWalker - select >> end [level=1, statement=select]
15:47:54.874 [Test worker] DEBUG org.hibernate.hql.internal.ast.QueryTranslatorImpl - --- SQL AST ---
 \-[SELECT] QueryNode: 'SELECT'  querySpaces (mantis_user_table)
    +-[SELECT_CLAUSE] SelectClause: '{derived select clause}'
    |  +-[SELECT_EXPR] SelectExpressionImpl: 'usersdata0_.id as id1_0_' {FromElement{explicit,not a collection join,not a fetch join,fetch non-lazy properties,classAlias=null,role=null,tableName=mantis_user_table,tableAlias=usersdata0_,origin=null,columns={,className=ru.stqa.pft.mantis.model.UsersData}}}
    |  \-[SQL_TOKEN] SqlFragment: 'usersdata0_.username as username2_0_'
    \-[FROM] FromClause: 'from' FromClause{level=1, fromElementCounter=1, fromElements=1, fromElementByClassAlias=[], fromElementByTableAlias=[usersdata0_], fromElementsByPath=[], collectionJoinFromElementsByPath=[], impliedElements=[]}
       \-[FROM_FRAGMENT] FromElement: 'mantis_user_table usersdata0_' FromElement{explicit,not a collection join,not a fetch join,fetch non-lazy properties,classAlias=null,role=null,tableName=mantis_user_table,tableAlias=usersdata0_,origin=null,columns={,className=ru.stqa.pft.mantis.model.UsersData}}

15:47:54.874 [Test worker] DEBUG org.hibernate.hql.internal.ast.ErrorTracker - throwQueryException() : no errors
15:47:54.879 [Test worker] DEBUG org.hibernate.hql.internal.ast.QueryTranslatorImpl - HQL: from ru.stqa.pft.mantis.model.UsersData
15:47:54.879 [Test worker] DEBUG org.hibernate.hql.internal.ast.QueryTranslatorImpl - SQL: select usersdata0_.id as id1_0_, usersdata0_.username as username2_0_ from mantis_user_table usersdata0_
15:47:54.879 [Test worker] DEBUG org.hibernate.hql.internal.ast.ErrorTracker - throwQueryException() : no errors
15:47:54.879 [Test worker] DEBUG org.hibernate.SQL - select usersdata0_.id as id1_0_, usersdata0_.username as username2_0_ from mantis_user_table usersdata0_
Hibernate: select usersdata0_.id as id1_0_, usersdata0_.username as username2_0_ from mantis_user_table usersdata0_
15:47:54.894 [Test worker] DEBUG org.hibernate.loader.Loader - Result set row: 0
15:47:54.894 [Test worker] DEBUG org.hibernate.loader.Loader - Result row: EntityKey[ru.stqa.pft.mantis.model.UsersData#1]
15:47:54.894 [Test worker] DEBUG org.hibernate.loader.Loader - Result set row: 1
15:47:54.894 [Test worker] DEBUG org.hibernate.loader.Loader - Result row: EntityKey[ru.stqa.pft.mantis.model.UsersData#2]
15:47:54.894 [Test worker] DEBUG org.hibernate.loader.Loader - Result set row: 2
15:47:54.894 [Test worker] DEBUG org.hibernate.loader.Loader - Result row: EntityKey[ru.stqa.pft.mantis.model.UsersData#3]
15:47:54.894 [Test worker] DEBUG org.hibernate.loader.Loader - Result set row: 3
15:47:54.894 [Test worker] DEBUG org.hibernate.loader.Loader - Result row: EntityKey[ru.stqa.pft.mantis.model.UsersData#4]
15:47:54.894 [Test worker] DEBUG org.hibernate.loader.Loader - Result set row: 4
15:47:54.894 [Test worker] DEBUG org.hibernate.loader.Loader - Result row: EntityKey[ru.stqa.pft.mantis.model.UsersData#5]
15:47:54.894 [Test worker] DEBUG org.hibernate.loader.Loader - Result set row: 5
15:47:54.894 [Test worker] DEBUG org.hibernate.loader.Loader - Result row: EntityKey[ru.stqa.pft.mantis.model.UsersData#6]
15:47:54.894 [Test worker] DEBUG org.hibernate.loader.Loader - Result set row: 6
15:47:54.894 [Test worker] DEBUG org.hibernate.loader.Loader - Result row: EntityKey[ru.stqa.pft.mantis.model.UsersData#7]
15:47:54.894 [Test worker] DEBUG org.hibernate.loader.Loader - Result set row: 7
15:47:54.894 [Test worker] DEBUG org.hibernate.loader.Loader - Result row: EntityKey[ru.stqa.pft.mantis.model.UsersData#8]
15:47:54.894 [Test worker] DEBUG org.hibernate.loader.Loader - Result set row: 8
15:47:54.894 [Test worker] DEBUG org.hibernate.loader.Loader - Result row: EntityKey[ru.stqa.pft.mantis.model.UsersData#9]
15:47:54.894 [Test worker] DEBUG org.hibernate.loader.Loader - Result set row: 9
15:47:54.894 [Test worker] DEBUG org.hibernate.loader.Loader - Result row: EntityKey[ru.stqa.pft.mantis.model.UsersData#10]
15:47:54.894 [Test worker] DEBUG org.hibernate.loader.Loader - Result set row: 10
15:47:54.894 [Test worker] DEBUG org.hibernate.loader.Loader - Result row: EntityKey[ru.stqa.pft.mantis.model.UsersData#11]
15:47:54.894 [Test worker] DEBUG org.hibernate.loader.Loader - Result set row: 11
15:47:54.894 [Test worker] DEBUG org.hibernate.loader.Loader - Result row: EntityKey[ru.stqa.pft.mantis.model.UsersData#12]
15:47:54.894 [Test worker] DEBUG org.hibernate.loader.Loader - Result set row: 12
15:47:54.894 [Test worker] DEBUG org.hibernate.loader.Loader - Result row: EntityKey[ru.stqa.pft.mantis.model.UsersData#13]
15:47:54.894 [Test worker] DEBUG org.hibernate.loader.Loader - Result set row: 13
15:47:54.894 [Test worker] DEBUG org.hibernate.loader.Loader - Result row: EntityKey[ru.stqa.pft.mantis.model.UsersData#14]
15:47:54.894 [Test worker] DEBUG org.hibernate.loader.Loader - Result set row: 14
15:47:54.894 [Test worker] DEBUG org.hibernate.loader.Loader - Result row: EntityKey[ru.stqa.pft.mantis.model.UsersData#15]
15:47:54.894 [Test worker] DEBUG org.hibernate.loader.Loader - Result set row: 15
15:47:54.894 [Test worker] DEBUG org.hibernate.loader.Loader - Result row: EntityKey[ru.stqa.pft.mantis.model.UsersData#16]
15:47:54.894 [Test worker] DEBUG org.hibernate.loader.Loader - Result set row: 16
15:47:54.894 [Test worker] DEBUG org.hibernate.loader.Loader - Result row: EntityKey[ru.stqa.pft.mantis.model.UsersData#17]
15:47:54.894 [Test worker] DEBUG org.hibernate.engine.internal.TwoPhaseLoad - Resolving attributes for [ru.stqa.pft.mantis.model.UsersData#1]
15:47:54.894 [Test worker] DEBUG org.hibernate.engine.internal.TwoPhaseLoad - Processing attribute `username` : value = administrator
15:47:54.894 [Test worker] DEBUG org.hibernate.engine.internal.TwoPhaseLoad - Attribute (`username`)  - enhanced for lazy-loading? - false
15:47:54.894 [Test worker] DEBUG org.hibernate.engine.internal.TwoPhaseLoad - Done materializing entity [ru.stqa.pft.mantis.model.UsersData#1]
15:47:54.894 [Test worker] DEBUG org.hibernate.engine.internal.TwoPhaseLoad - Resolving attributes for [ru.stqa.pft.mantis.model.UsersData#2]
15:47:54.894 [Test worker] DEBUG org.hibernate.engine.internal.TwoPhaseLoad - Processing attribute `username` : value = user1630658103790
15:47:54.894 [Test worker] DEBUG org.hibernate.engine.internal.TwoPhaseLoad - Attribute (`username`)  - enhanced for lazy-loading? - false
15:47:54.894 [Test worker] DEBUG org.hibernate.engine.internal.TwoPhaseLoad - Done materializing entity [ru.stqa.pft.mantis.model.UsersData#2]
15:47:54.894 [Test worker] DEBUG org.hibernate.engine.internal.TwoPhaseLoad - Resolving attributes for [ru.stqa.pft.mantis.model.UsersData#3]
15:47:54.910 [Test worker] DEBUG org.hibernate.engine.internal.TwoPhaseLoad - Processing attribute `username` : value = user1630665542705
15:47:54.910 [Test worker] DEBUG org.hibernate.engine.internal.TwoPhaseLoad - Attribute (`username`)  - enhanced for lazy-loading? - false
15:47:54.910 [Test worker] DEBUG org.hibernate.engine.internal.TwoPhaseLoad - Done materializing entity [ru.stqa.pft.mantis.model.UsersData#3]
15:47:54.910 [Test worker] DEBUG org.hibernate.engine.internal.TwoPhaseLoad - Resolving attributes for [ru.stqa.pft.mantis.model.UsersData#4]
15:47:54.910 [Test worker] DEBUG org.hibernate.engine.internal.TwoPhaseLoad - Processing attribute `username` : value = user1630667493268
15:47:54.910 [Test worker] DEBUG org.hibernate.engine.internal.TwoPhaseLoad - Attribute (`username`)  - enhanced for lazy-loading? - false
15:47:54.910 [Test worker] DEBUG org.hibernate.engine.internal.TwoPhaseLoad - Done materializing entity [ru.stqa.pft.mantis.model.UsersData#4]
15:47:54.910 [Test worker] DEBUG org.hibernate.engine.internal.TwoPhaseLoad - Resolving attributes for [ru.stqa.pft.mantis.model.UsersData#5]
15:47:54.910 [Test worker] DEBUG org.hibernate.engine.internal.TwoPhaseLoad - Processing attribute `username` : value = user1630668761136
15:47:54.910 [Test worker] DEBUG org.hibernate.engine.internal.TwoPhaseLoad - Attribute (`username`)  - enhanced for lazy-loading? - false
15:47:54.910 [Test worker] DEBUG org.hibernate.engine.internal.TwoPhaseLoad - Done materializing entity [ru.stqa.pft.mantis.model.UsersData#5]
15:47:54.910 [Test worker] DEBUG org.hibernate.engine.internal.TwoPhaseLoad - Resolving attributes for [ru.stqa.pft.mantis.model.UsersData#6]
15:47:54.910 [Test worker] DEBUG org.hibernate.engine.internal.TwoPhaseLoad - Processing attribute `username` : value = user1630668790425
15:47:54.910 [Test worker] DEBUG org.hibernate.engine.internal.TwoPhaseLoad - Attribute (`username`)  - enhanced for lazy-loading? - false
15:47:54.910 [Test worker] DEBUG org.hibernate.engine.internal.TwoPhaseLoad - Done materializing entity [ru.stqa.pft.mantis.model.UsersData#6]
15:47:54.910 [Test worker] DEBUG org.hibernate.engine.internal.TwoPhaseLoad - Resolving attributes for [ru.stqa.pft.mantis.model.UsersData#7]
15:47:54.910 [Test worker] DEBUG org.hibernate.engine.internal.TwoPhaseLoad - Processing attribute `username` : value = user1630669132423
15:47:54.910 [Test worker] DEBUG org.hibernate.engine.internal.TwoPhaseLoad - Attribute (`username`)  - enhanced for lazy-loading? - false
15:47:54.910 [Test worker] DEBUG org.hibernate.engine.internal.TwoPhaseLoad - Done materializing entity [ru.stqa.pft.mantis.model.UsersData#7]
15:47:54.910 [Test worker] DEBUG org.hibernate.engine.internal.TwoPhaseLoad - Resolving attributes for [ru.stqa.pft.mantis.model.UsersData#8]
15:47:54.910 [Test worker] DEBUG org.hibernate.engine.internal.TwoPhaseLoad - Processing attribute `username` : value = user1630670281273
15:47:54.910 [Test worker] DEBUG org.hibernate.engine.internal.TwoPhaseLoad - Attribute (`username`)  - enhanced for lazy-loading? - false
15:47:54.910 [Test worker] DEBUG org.hibernate.engine.internal.TwoPhaseLoad - Done materializing entity [ru.stqa.pft.mantis.model.UsersData#8]
15:47:54.910 [Test worker] DEBUG org.hibernate.engine.internal.TwoPhaseLoad - Resolving attributes for [ru.stqa.pft.mantis.model.UsersData#9]
15:47:54.910 [Test worker] DEBUG org.hibernate.engine.internal.TwoPhaseLoad - Processing attribute `username` : value = user1630671414238
15:47:54.910 [Test worker] DEBUG org.hibernate.engine.internal.TwoPhaseLoad - Attribute (`username`)  - enhanced for lazy-loading? - false
15:47:54.910 [Test worker] DEBUG org.hibernate.engine.internal.TwoPhaseLoad - Done materializing entity [ru.stqa.pft.mantis.model.UsersData#9]
15:47:54.910 [Test worker] DEBUG org.hibernate.engine.internal.TwoPhaseLoad - Resolving attributes for [ru.stqa.pft.mantis.model.UsersData#10]
15:47:54.910 [Test worker] DEBUG org.hibernate.engine.internal.TwoPhaseLoad - Processing attribute `username` : value = user1630671822685
15:47:54.910 [Test worker] DEBUG org.hibernate.engine.internal.TwoPhaseLoad - Attribute (`username`)  - enhanced for lazy-loading? - false
15:47:54.910 [Test worker] DEBUG org.hibernate.engine.internal.TwoPhaseLoad - Done materializing entity [ru.stqa.pft.mantis.model.UsersData#10]
15:47:54.910 [Test worker] DEBUG org.hibernate.engine.internal.TwoPhaseLoad - Resolving attributes for [ru.stqa.pft.mantis.model.UsersData#11]
15:47:54.910 [Test worker] DEBUG org.hibernate.engine.internal.TwoPhaseLoad - Processing attribute `username` : value = user1630675782660
15:47:54.910 [Test worker] DEBUG org.hibernate.engine.internal.TwoPhaseLoad - Attribute (`username`)  - enhanced for lazy-loading? - false
15:47:54.910 [Test worker] DEBUG org.hibernate.engine.internal.TwoPhaseLoad - Done materializing entity [ru.stqa.pft.mantis.model.UsersData#11]
15:47:54.910 [Test worker] DEBUG org.hibernate.engine.internal.TwoPhaseLoad - Resolving attributes for [ru.stqa.pft.mantis.model.UsersData#12]
15:47:54.910 [Test worker] DEBUG org.hibernate.engine.internal.TwoPhaseLoad - Processing attribute `username` : value = user1630676858341
15:47:54.910 [Test worker] DEBUG org.hibernate.engine.internal.TwoPhaseLoad - Attribute (`username`)  - enhanced for lazy-loading? - false
15:47:54.910 [Test worker] DEBUG org.hibernate.engine.internal.TwoPhaseLoad - Done materializing entity [ru.stqa.pft.mantis.model.UsersData#12]
15:47:54.910 [Test worker] DEBUG org.hibernate.engine.internal.TwoPhaseLoad - Resolving attributes for [ru.stqa.pft.mantis.model.UsersData#13]
15:47:54.910 [Test worker] DEBUG org.hibernate.engine.internal.TwoPhaseLoad - Processing attribute `username` : value = user1630677245907
15:47:54.910 [Test worker] DEBUG org.hibernate.engine.internal.TwoPhaseLoad - Attribute (`username`)  - enhanced for lazy-loading? - false
15:47:54.910 [Test worker] DEBUG org.hibernate.engine.internal.TwoPhaseLoad - Done materializing entity [ru.stqa.pft.mantis.model.UsersData#13]
15:47:54.910 [Test worker] DEBUG org.hibernate.engine.internal.TwoPhaseLoad - Resolving attributes for [ru.stqa.pft.mantis.model.UsersData#14]
15:47:54.910 [Test worker] DEBUG org.hibernate.engine.internal.TwoPhaseLoad - Processing attribute `username` : value = user1630682064426
15:47:54.910 [Test worker] DEBUG org.hibernate.engine.internal.TwoPhaseLoad - Attribute (`username`)  - enhanced for lazy-loading? - false
15:47:54.910 [Test worker] DEBUG org.hibernate.engine.internal.TwoPhaseLoad - Done materializing entity [ru.stqa.pft.mantis.model.UsersData#14]
15:47:54.910 [Test worker] DEBUG org.hibernate.engine.internal.TwoPhaseLoad - Resolving attributes for [ru.stqa.pft.mantis.model.UsersData#15]
15:47:54.910 [Test worker] DEBUG org.hibernate.engine.internal.TwoPhaseLoad - Processing attribute `username` : value = user1630682113389
15:47:54.910 [Test worker] DEBUG org.hibernate.engine.internal.TwoPhaseLoad - Attribute (`username`)  - enhanced for lazy-loading? - false
15:47:54.910 [Test worker] DEBUG org.hibernate.engine.internal.TwoPhaseLoad - Done materializing entity [ru.stqa.pft.mantis.model.UsersData#15]
15:47:54.910 [Test worker] DEBUG org.hibernate.engine.internal.TwoPhaseLoad - Resolving attributes for [ru.stqa.pft.mantis.model.UsersData#16]
15:47:54.910 [Test worker] DEBUG org.hibernate.engine.internal.TwoPhaseLoad - Processing attribute `username` : value = user1630836785940
15:47:54.910 [Test worker] DEBUG org.hibernate.engine.internal.TwoPhaseLoad - Attribute (`username`)  - enhanced for lazy-loading? - false
15:47:54.910 [Test worker] DEBUG org.hibernate.engine.internal.TwoPhaseLoad - Done materializing entity [ru.stqa.pft.mantis.model.UsersData#16]
15:47:54.910 [Test worker] DEBUG org.hibernate.engine.internal.TwoPhaseLoad - Resolving attributes for [ru.stqa.pft.mantis.model.UsersData#17]
15:47:54.910 [Test worker] DEBUG org.hibernate.engine.internal.TwoPhaseLoad - Processing attribute `username` : value = user1630837253380
15:47:54.910 [Test worker] DEBUG org.hibernate.engine.internal.TwoPhaseLoad - Attribute (`username`)  - enhanced for lazy-loading? - false
15:47:54.910 [Test worker] DEBUG org.hibernate.engine.internal.TwoPhaseLoad - Done materializing entity [ru.stqa.pft.mantis.model.UsersData#17]
15:47:54.910 [Test worker] DEBUG org.hibernate.engine.transaction.internal.TransactionImpl - committing
15:47:54.910 [Test worker] DEBUG org.hibernate.event.internal.AbstractFlushingEventListener - Processing flush-time cascades
15:47:54.910 [Test worker] DEBUG org.hibernate.event.internal.AbstractFlushingEventListener - Dirty checking collections
15:47:54.925 [Test worker] DEBUG org.hibernate.event.internal.AbstractFlushingEventListener - Flushed: 0 insertions, 0 updates, 0 deletions to 17 objects
15:47:54.925 [Test worker] DEBUG org.hibernate.event.internal.AbstractFlushingEventListener - Flushed: 0 (re)creations, 0 updates, 0 removals to 0 collections
15:47:54.925 [Test worker] DEBUG org.hibernate.internal.util.EntityPrinter - Listing entities:
15:47:54.925 [Test worker] DEBUG org.hibernate.internal.util.EntityPrinter - ru.stqa.pft.mantis.model.UsersData{id=16, username=user1630836785940}
15:47:54.925 [Test worker] DEBUG org.hibernate.internal.util.EntityPrinter - ru.stqa.pft.mantis.model.UsersData{id=17, username=user1630837253380}
15:47:54.925 [Test worker] DEBUG org.hibernate.internal.util.EntityPrinter - ru.stqa.pft.mantis.model.UsersData{id=14, username=user1630682064426}
15:47:54.925 [Test worker] DEBUG org.hibernate.internal.util.EntityPrinter - ru.stqa.pft.mantis.model.UsersData{id=15, username=user1630682113389}
15:47:54.925 [Test worker] DEBUG org.hibernate.internal.util.EntityPrinter - ru.stqa.pft.mantis.model.UsersData{id=8, username=user1630670281273}
15:47:54.925 [Test worker] DEBUG org.hibernate.internal.util.EntityPrinter - ru.stqa.pft.mantis.model.UsersData{id=9, username=user1630671414238}
15:47:54.925 [Test worker] DEBUG org.hibernate.internal.util.EntityPrinter - ru.stqa.pft.mantis.model.UsersData{id=6, username=user1630668790425}
15:47:54.925 [Test worker] DEBUG org.hibernate.internal.util.EntityPrinter - ru.stqa.pft.mantis.model.UsersData{id=7, username=user1630669132423}
15:47:54.925 [Test worker] DEBUG org.hibernate.internal.util.EntityPrinter - ru.stqa.pft.mantis.model.UsersData{id=12, username=user1630676858341}
15:47:54.925 [Test worker] DEBUG org.hibernate.internal.util.EntityPrinter - ru.stqa.pft.mantis.model.UsersData{id=13, username=user1630677245907}
15:47:54.925 [Test worker] DEBUG org.hibernate.internal.util.EntityPrinter - ru.stqa.pft.mantis.model.UsersData{id=10, username=user1630671822685}
15:47:54.925 [Test worker] DEBUG org.hibernate.internal.util.EntityPrinter - ru.stqa.pft.mantis.model.UsersData{id=11, username=user1630675782660}
15:47:54.925 [Test worker] DEBUG org.hibernate.internal.util.EntityPrinter - ru.stqa.pft.mantis.model.UsersData{id=1, username=administrator}
15:47:54.925 [Test worker] DEBUG org.hibernate.internal.util.EntityPrinter - ru.stqa.pft.mantis.model.UsersData{id=4, username=user1630667493268}
15:47:54.925 [Test worker] DEBUG org.hibernate.internal.util.EntityPrinter - ru.stqa.pft.mantis.model.UsersData{id=5, username=user1630668761136}
15:47:54.925 [Test worker] DEBUG org.hibernate.internal.util.EntityPrinter - ru.stqa.pft.mantis.model.UsersData{id=2, username=user1630658103790}
15:47:54.925 [Test worker] DEBUG org.hibernate.internal.util.EntityPrinter - ru.stqa.pft.mantis.model.UsersData{id=3, username=user1630665542705}
15:47:54.925 [Test worker] DEBUG org.hibernate.resource.jdbc.internal.LogicalConnectionManagedImpl - Initiating JDBC connection release from afterTransaction
15:47:54.925 [Test worker] DEBUG org.hibernate.resource.jdbc.internal.LogicalConnectionManagedImpl - Initiating JDBC connection release from afterTransaction
[UsersData{id=1, username='administrator'}, UsersData{id=2, username='user1630658103790'}, UsersData{id=3, username='user1630665542705'}, UsersData{id=4, username='user1630667493268'}, UsersData{id=5, username='user1630668761136'}, UsersData{id=6, username='user1630668790425'}, UsersData{id=7, username='user1630669132423'}, UsersData{id=8, username='user1630670281273'}, UsersData{id=9, username='user1630671414238'}, UsersData{id=10, username='user1630671822685'}, UsersData{id=11, username='user1630675782660'}, UsersData{id=12, username='user1630676858341'}, UsersData{id=13, username='user1630677245907'}, UsersData{id=14, username='user1630682064426'}, UsersData{id=15, username='user1630682113389'}, UsersData{id=16, username='user1630836785940'}, UsersData{id=17, username='user1630837253380'}]
15:47:54.995 [Test worker] DEBUG io.netty.util.internal.logging.InternalLoggerFactory - Using SLF4J as the default logging framework
15:47:54.995 [Test worker] DEBUG io.netty.util.ResourceLeakDetector - -Dio.netty.leakDetection.level: simple
15:47:54.995 [Test worker] DEBUG io.netty.util.ResourceLeakDetector - -Dio.netty.leakDetection.targetRecords: 4
15:47:54.995 [Test worker] DEBUG io.netty.util.ResourceLeakDetectorFactory - Loaded default ResourceLeakDetector: io.netty.util.ResourceLeakDetector@66cb02c1
15:47:55.012 [Test worker] DEBUG io.netty.util.internal.PlatformDependent - Platform: Windows
15:47:55.012 [Test worker] DEBUG io.netty.util.internal.PlatformDependent0 - -Dio.netty.noUnsafe: false
15:47:55.012 [Test worker] DEBUG io.netty.util.internal.PlatformDependent0 - Java version: 15
15:47:55.012 [Test worker] DEBUG io.netty.util.internal.PlatformDependent0 - sun.misc.Unsafe.theUnsafe: available
15:47:55.012 [Test worker] DEBUG io.netty.util.internal.PlatformDependent0 - sun.misc.Unsafe.copyMemory: available
15:47:55.012 [Test worker] DEBUG io.netty.util.internal.PlatformDependent0 - java.nio.Buffer.address: available
15:47:55.012 [Test worker] DEBUG io.netty.util.internal.PlatformDependent0 - direct buffer constructor: unavailable
java.lang.UnsupportedOperationException: Reflective setAccessible(true) disabled
	at io.netty.util.internal.ReflectionUtil.trySetAccessible(ReflectionUtil.java:31)
	at io.netty.util.internal.PlatformDependent0$4.run(PlatformDependent0.java:239)
	at java.base/java.security.AccessController.doPrivileged(AccessController.java:312)
	at io.netty.util.internal.PlatformDependent0.<clinit>(PlatformDependent0.java:233)
	at io.netty.util.internal.PlatformDependent.isAndroid(PlatformDependent.java:294)
	at io.netty.util.internal.PlatformDependent.<clinit>(PlatformDependent.java:93)
	at io.netty.util.HashedWheelTimer.<init>(HashedWheelTimer.java:109)
	at io.netty.util.HashedWheelTimer.<init>(HashedWheelTimer.java:218)
	at io.netty.util.HashedWheelTimer.<init>(HashedWheelTimer.java:197)
	at org.asynchttpclient.DefaultAsyncHttpClient.newNettyTimer(DefaultAsyncHttpClient.java:111)
	at org.asynchttpclient.DefaultAsyncHttpClient.<init>(DefaultAsyncHttpClient.java:90)
	at org.asynchttpclient.Dsl.asyncHttpClient(Dsl.java:32)
	at org.openqa.selenium.remote.http.netty.NettyClient.createHttpClient(NettyClient.java:100)
	at org.openqa.selenium.remote.http.netty.NettyClient.<clinit>(NettyClient.java:51)
	at org.openqa.selenium.remote.http.netty.NettyClient$Factory.createClient(NettyClient.java:149)
	at org.openqa.selenium.remote.HttpCommandExecutor.<init>(HttpCommandExecutor.java:107)
	at org.openqa.selenium.remote.HttpCommandExecutor.<init>(HttpCommandExecutor.java:94)
	at org.openqa.selenium.remote.HttpCommandExecutor.<init>(HttpCommandExecutor.java:85)
	at org.openqa.selenium.remote.service.DriverCommandExecutor.<init>(DriverCommandExecutor.java:77)
	at org.openqa.selenium.firefox.FirefoxDriver$FirefoxDriverCommandExecutor.<init>(FirefoxDriver.java:160)
	at org.openqa.selenium.firefox.FirefoxDriver.toExecutor(FirefoxDriver.java:236)
	at org.openqa.selenium.firefox.FirefoxDriver.<init>(FirefoxDriver.java:193)
	at org.openqa.selenium.firefox.FirefoxDriver.<init>(FirefoxDriver.java:171)
	at ru.stqa.pft.mantis.appmanager.ApplicationManager.getDriver(ApplicationManager.java:82)
	at ru.stqa.pft.mantis.appmanager.HelperBase.<init>(HelperBase.java:12)
	at ru.stqa.pft.mantis.appmanager.UsersHelper.<init>(UsersHelper.java:16)
	at ru.stqa.pft.mantis.appmanager.ApplicationManager.users(ApplicationManager.java:68)
	at ru.stqa.pft.mantis.tests.ChangePasswordUsers.testChangePasswordUsers(ChangePasswordUsers.java:31)
	at java.base/jdk.internal.reflect.NativeMethodAccessorImpl.invoke0(Native Method)
	at java.base/jdk.internal.reflect.NativeMethodAccessorImpl.invoke(NativeMethodAccessorImpl.java:64)
	at java.base/jdk.internal.reflect.DelegatingMethodAccessorImpl.invoke(DelegatingMethodAccessorImpl.java:43)
	at java.base/java.lang.reflect.Method.invoke(Method.java:564)
	at org.testng.internal.MethodInvocationHelper.invokeMethod(MethodInvocationHelper.java:133)
	at org.testng.internal.TestInvoker.invokeMethod(TestInvoker.java:598)
	at org.testng.internal.TestInvoker.invokeTestMethod(TestInvoker.java:173)
	at org.testng.internal.MethodRunner.runInSequence(MethodRunner.java:46)
	at org.testng.internal.TestInvoker$MethodInvocationAgent.invoke(TestInvoker.java:824)
	at org.testng.internal.TestInvoker.invokeTestMethods(TestInvoker.java:146)
	at org.testng.internal.TestMethodWorker.invokeTestMethods(TestMethodWorker.java:146)
	at org.testng.internal.TestMethodWorker.run(TestMethodWorker.java:128)
	at java.base/java.util.ArrayList.forEach(ArrayList.java:1511)
	at org.testng.TestRunner.privateRun(TestRunner.java:794)
	at org.testng.TestRunner.run(TestRunner.java:596)
	at org.testng.SuiteRunner.runTest(SuiteRunner.java:377)
	at org.testng.SuiteRunner.runSequentially(SuiteRunner.java:371)
	at org.testng.SuiteRunner.privateRun(SuiteRunner.java:332)
	at org.testng.SuiteRunner.run(SuiteRunner.java:276)
	at org.testng.SuiteRunnerWorker.runSuite(SuiteRunnerWorker.java:53)
	at org.testng.SuiteRunnerWorker.run(SuiteRunnerWorker.java:96)
	at org.testng.TestNG.runSuitesSequentially(TestNG.java:1212)
	at org.testng.TestNG.runSuitesLocally(TestNG.java:1134)
	at org.testng.TestNG.runSuites(TestNG.java:1063)
	at org.testng.TestNG.run(TestNG.java:1031)
	at org.gradle.api.internal.tasks.testing.testng.TestNGTestClassProcessor.runTests(TestNGTestClassProcessor.java:141)
	at org.gradle.api.internal.tasks.testing.testng.TestNGTestClassProcessor.stop(TestNGTestClassProcessor.java:90)
	at org.gradle.api.internal.tasks.testing.SuiteTestClassProcessor.stop(SuiteTestClassProcessor.java:61)
	at java.base/jdk.internal.reflect.NativeMethodAccessorImpl.invoke0(Native Method)
	at java.base/jdk.internal.reflect.NativeMethodAccessorImpl.invoke(NativeMethodAccessorImpl.java:64)
	at java.base/jdk.internal.reflect.DelegatingMethodAccessorImpl.invoke(DelegatingMethodAccessorImpl.java:43)
	at java.base/java.lang.reflect.Method.invoke(Method.java:564)
	at org.gradle.internal.dispatch.ReflectionDispatch.dispatch(ReflectionDispatch.java:36)
	at org.gradle.internal.dispatch.ReflectionDispatch.dispatch(ReflectionDispatch.java:24)
	at org.gradle.internal.dispatch.ContextClassLoaderDispatch.dispatch(ContextClassLoaderDispatch.java:33)
	at org.gradle.internal.dispatch.ProxyDispatchAdapter$DispatchingInvocationHandler.invoke(ProxyDispatchAdapter.java:94)
	at com.sun.proxy.$Proxy2.stop(Unknown Source)
	at org.gradle.api.internal.tasks.testing.worker.TestWorker.stop(TestWorker.java:133)
	at java.base/jdk.internal.reflect.NativeMethodAccessorImpl.invoke0(Native Method)
	at java.base/jdk.internal.reflect.NativeMethodAccessorImpl.invoke(NativeMethodAccessorImpl.java:64)
	at java.base/jdk.internal.reflect.DelegatingMethodAccessorImpl.invoke(DelegatingMethodAccessorImpl.java:43)
	at java.base/java.lang.reflect.Method.invoke(Method.java:564)
	at org.gradle.internal.dispatch.ReflectionDispatch.dispatch(ReflectionDispatch.java:36)
	at org.gradle.internal.dispatch.ReflectionDispatch.dispatch(ReflectionDispatch.java:24)
	at org.gradle.internal.remote.internal.hub.MessageHubBackedObjectConnection$DispatchWrapper.dispatch(MessageHubBackedObjectConnection.java:182)
	at org.gradle.internal.remote.internal.hub.MessageHubBackedObjectConnection$DispatchWrapper.dispatch(MessageHubBackedObjectConnection.java:164)
	at org.gradle.internal.remote.internal.hub.MessageHub$Handler.run(MessageHub.java:414)
	at org.gradle.internal.concurrent.ExecutorPolicy$CatchAndRecordFailures.onExecute(ExecutorPolicy.java:64)
	at org.gradle.internal.concurrent.ManagedExecutorImpl$1.run(ManagedExecutorImpl.java:48)
	at java.base/java.util.concurrent.ThreadPoolExecutor.runWorker(ThreadPoolExecutor.java:1130)
	at java.base/java.util.concurrent.ThreadPoolExecutor$Worker.run(ThreadPoolExecutor.java:630)
	at org.gradle.internal.concurrent.ThreadFactoryImpl$ManagedThreadRunnable.run(ThreadFactoryImpl.java:56)
	at java.base/java.lang.Thread.run(Thread.java:832)
15:47:55.028 [Test worker] DEBUG io.netty.util.internal.PlatformDependent0 - java.nio.Bits.unaligned: available, true
15:47:55.028 [Test worker] DEBUG io.netty.util.internal.PlatformDependent0 - jdk.internal.misc.Unsafe.allocateUninitializedArray(int): unavailable
java.lang.IllegalAccessException: class io.netty.util.internal.PlatformDependent0$6 cannot access class jdk.internal.misc.Unsafe (in module java.base) because module java.base does not export jdk.internal.misc to unnamed module @7459610c
	at java.base/jdk.internal.reflect.Reflection.newIllegalAccessException(Reflection.java:385)
	at java.base/java.lang.reflect.AccessibleObject.checkAccess(AccessibleObject.java:693)
	at java.base/java.lang.reflect.Method.invoke(Method.java:556)
	at io.netty.util.internal.PlatformDependent0$6.run(PlatformDependent0.java:353)
	at java.base/java.security.AccessController.doPrivileged(AccessController.java:312)
	at io.netty.util.internal.PlatformDependent0.<clinit>(PlatformDependent0.java:344)
	at io.netty.util.internal.PlatformDependent.isAndroid(PlatformDependent.java:294)
	at io.netty.util.internal.PlatformDependent.<clinit>(PlatformDependent.java:93)
	at io.netty.util.HashedWheelTimer.<init>(HashedWheelTimer.java:109)
	at io.netty.util.HashedWheelTimer.<init>(HashedWheelTimer.java:218)
	at io.netty.util.HashedWheelTimer.<init>(HashedWheelTimer.java:197)
	at org.asynchttpclient.DefaultAsyncHttpClient.newNettyTimer(DefaultAsyncHttpClient.java:111)
	at org.asynchttpclient.DefaultAsyncHttpClient.<init>(DefaultAsyncHttpClient.java:90)
	at org.asynchttpclient.Dsl.asyncHttpClient(Dsl.java:32)
	at org.openqa.selenium.remote.http.netty.NettyClient.createHttpClient(NettyClient.java:100)
	at org.openqa.selenium.remote.http.netty.NettyClient.<clinit>(NettyClient.java:51)
	at org.openqa.selenium.remote.http.netty.NettyClient$Factory.createClient(NettyClient.java:149)
	at org.openqa.selenium.remote.HttpCommandExecutor.<init>(HttpCommandExecutor.java:107)
	at org.openqa.selenium.remote.HttpCommandExecutor.<init>(HttpCommandExecutor.java:94)
	at org.openqa.selenium.remote.HttpCommandExecutor.<init>(HttpCommandExecutor.java:85)
	at org.openqa.selenium.remote.service.DriverCommandExecutor.<init>(DriverCommandExecutor.java:77)
	at org.openqa.selenium.firefox.FirefoxDriver$FirefoxDriverCommandExecutor.<init>(FirefoxDriver.java:160)
	at org.openqa.selenium.firefox.FirefoxDriver.toExecutor(FirefoxDriver.java:236)
	at org.openqa.selenium.firefox.FirefoxDriver.<init>(FirefoxDriver.java:193)
	at org.openqa.selenium.firefox.FirefoxDriver.<init>(FirefoxDriver.java:171)
	at ru.stqa.pft.mantis.appmanager.ApplicationManager.getDriver(ApplicationManager.java:82)
	at ru.stqa.pft.mantis.appmanager.HelperBase.<init>(HelperBase.java:12)
	at ru.stqa.pft.mantis.appmanager.UsersHelper.<init>(UsersHelper.java:16)
	at ru.stqa.pft.mantis.appmanager.ApplicationManager.users(ApplicationManager.java:68)
	at ru.stqa.pft.mantis.tests.ChangePasswordUsers.testChangePasswordUsers(ChangePasswordUsers.java:31)
	at java.base/jdk.internal.reflect.NativeMethodAccessorImpl.invoke0(Native Method)
	at java.base/jdk.internal.reflect.NativeMethodAccessorImpl.invoke(NativeMethodAccessorImpl.java:64)
	at java.base/jdk.internal.reflect.DelegatingMethodAccessorImpl.invoke(DelegatingMethodAccessorImpl.java:43)
	at java.base/java.lang.reflect.Method.invoke(Method.java:564)
	at org.testng.internal.MethodInvocationHelper.invokeMethod(MethodInvocationHelper.java:133)
	at org.testng.internal.TestInvoker.invokeMethod(TestInvoker.java:598)
	at org.testng.internal.TestInvoker.invokeTestMethod(TestInvoker.java:173)
	at org.testng.internal.MethodRunner.runInSequence(MethodRunner.java:46)
	at org.testng.internal.TestInvoker$MethodInvocationAgent.invoke(TestInvoker.java:824)
	at org.testng.internal.TestInvoker.invokeTestMethods(TestInvoker.java:146)
	at org.testng.internal.TestMethodWorker.invokeTestMethods(TestMethodWorker.java:146)
	at org.testng.internal.TestMethodWorker.run(TestMethodWorker.java:128)
	at java.base/java.util.ArrayList.forEach(ArrayList.java:1511)
	at org.testng.TestRunner.privateRun(TestRunner.java:794)
	at org.testng.TestRunner.run(TestRunner.java:596)
	at org.testng.SuiteRunner.runTest(SuiteRunner.java:377)
	at org.testng.SuiteRunner.runSequentially(SuiteRunner.java:371)
	at org.testng.SuiteRunner.privateRun(SuiteRunner.java:332)
	at org.testng.SuiteRunner.run(SuiteRunner.java:276)
	at org.testng.SuiteRunnerWorker.runSuite(SuiteRunnerWorker.java:53)
	at org.testng.SuiteRunnerWorker.run(SuiteRunnerWorker.java:96)
	at org.testng.TestNG.runSuitesSequentially(TestNG.java:1212)
	at org.testng.TestNG.runSuitesLocally(TestNG.java:1134)
	at org.testng.TestNG.runSuites(TestNG.java:1063)
	at org.testng.TestNG.run(TestNG.java:1031)
	at org.gradle.api.internal.tasks.testing.testng.TestNGTestClassProcessor.runTests(TestNGTestClassProcessor.java:141)
	at org.gradle.api.internal.tasks.testing.testng.TestNGTestClassProcessor.stop(TestNGTestClassProcessor.java:90)
	at org.gradle.api.internal.tasks.testing.SuiteTestClassProcessor.stop(SuiteTestClassProcessor.java:61)
	at java.base/jdk.internal.reflect.NativeMethodAccessorImpl.invoke0(Native Method)
	at java.base/jdk.internal.reflect.NativeMethodAccessorImpl.invoke(NativeMethodAccessorImpl.java:64)
	at java.base/jdk.internal.reflect.DelegatingMethodAccessorImpl.invoke(DelegatingMethodAccessorImpl.java:43)
	at java.base/java.lang.reflect.Method.invoke(Method.java:564)
	at org.gradle.internal.dispatch.ReflectionDispatch.dispatch(ReflectionDispatch.java:36)
	at org.gradle.internal.dispatch.ReflectionDispatch.dispatch(ReflectionDispatch.java:24)
	at org.gradle.internal.dispatch.ContextClassLoaderDispatch.dispatch(ContextClassLoaderDispatch.java:33)
	at org.gradle.internal.dispatch.ProxyDispatchAdapter$DispatchingInvocationHandler.invoke(ProxyDispatchAdapter.java:94)
	at com.sun.proxy.$Proxy2.stop(Unknown Source)
	at org.gradle.api.internal.tasks.testing.worker.TestWorker.stop(TestWorker.java:133)
	at java.base/jdk.internal.reflect.NativeMethodAccessorImpl.invoke0(Native Method)
	at java.base/jdk.internal.reflect.NativeMethodAccessorImpl.invoke(NativeMethodAccessorImpl.java:64)
	at java.base/jdk.internal.reflect.DelegatingMethodAccessorImpl.invoke(DelegatingMethodAccessorImpl.java:43)
	at java.base/java.lang.reflect.Method.invoke(Method.java:564)
	at org.gradle.internal.dispatch.ReflectionDispatch.dispatch(ReflectionDispatch.java:36)
	at org.gradle.internal.dispatch.ReflectionDispatch.dispatch(ReflectionDispatch.java:24)
	at org.gradle.internal.remote.internal.hub.MessageHubBackedObjectConnection$DispatchWrapper.dispatch(MessageHubBackedObjectConnection.java:182)
	at org.gradle.internal.remote.internal.hub.MessageHubBackedObjectConnection$DispatchWrapper.dispatch(MessageHubBackedObjectConnection.java:164)
	at org.gradle.internal.remote.internal.hub.MessageHub$Handler.run(MessageHub.java:414)
	at org.gradle.internal.concurrent.ExecutorPolicy$CatchAndRecordFailures.onExecute(ExecutorPolicy.java:64)
	at org.gradle.internal.concurrent.ManagedExecutorImpl$1.run(ManagedExecutorImpl.java:48)
	at java.base/java.util.concurrent.ThreadPoolExecutor.runWorker(ThreadPoolExecutor.java:1130)
	at java.base/java.util.concurrent.ThreadPoolExecutor$Worker.run(ThreadPoolExecutor.java:630)
	at org.gradle.internal.concurrent.ThreadFactoryImpl$ManagedThreadRunnable.run(ThreadFactoryImpl.java:56)
	at java.base/java.lang.Thread.run(Thread.java:832)
15:47:55.028 [Test worker] DEBUG io.netty.util.internal.PlatformDependent0 - java.nio.DirectByteBuffer.<init>(long, int): unavailable
15:47:55.028 [Test worker] DEBUG io.netty.util.internal.PlatformDependent - sun.misc.Unsafe: available
15:47:55.044 [Test worker] DEBUG io.netty.util.internal.PlatformDependent - maxDirectMemory: 536870912 bytes (maybe)
15:47:55.044 [Test worker] DEBUG io.netty.util.internal.PlatformDependent - -Dio.netty.tmpdir: C:\Users\ruadmk3\AppData\Local\Temp (java.io.tmpdir)
15:47:55.044 [Test worker] DEBUG io.netty.util.internal.PlatformDependent - -Dio.netty.bitMode: 64 (sun.arch.data.model)
15:47:55.044 [Test worker] DEBUG io.netty.util.internal.PlatformDependent - -Dio.netty.maxDirectMemory: -1 bytes
15:47:55.044 [Test worker] DEBUG io.netty.util.internal.PlatformDependent - -Dio.netty.uninitializedArrayAllocationThreshold: -1
15:47:55.044 [Test worker] DEBUG io.netty.util.internal.CleanerJava9 - java.nio.ByteBuffer.cleaner(): available
15:47:55.044 [Test worker] DEBUG io.netty.util.internal.PlatformDependent - -Dio.netty.noPreferDirect: false
15:47:55.062 [Test worker] DEBUG io.netty.util.internal.PlatformDependent - org.jctools-core.MpscChunkedArrayQueue: available
15:47:55.079 [Test worker] DEBUG io.netty.util.internal.InternalThreadLocalMap - -Dio.netty.threadLocalMap.stringBuilder.initialSize: 1024
15:47:55.079 [Test worker] DEBUG io.netty.util.internal.InternalThreadLocalMap - -Dio.netty.threadLocalMap.stringBuilder.maxSize: 4096
15:47:55.227 [Test worker] DEBUG io.netty.handler.ssl.JdkSslContext - Default protocols (JDK): [TLSv1.3, TLSv1.2] 
15:47:55.227 [Test worker] DEBUG io.netty.handler.ssl.JdkSslContext - Default cipher suites (JDK): [TLS_ECDHE_ECDSA_WITH_AES_256_GCM_SHA384, TLS_ECDHE_ECDSA_WITH_AES_128_GCM_SHA256, TLS_ECDHE_RSA_WITH_AES_128_GCM_SHA256, TLS_ECDHE_RSA_WITH_AES_256_GCM_SHA384, TLS_ECDHE_RSA_WITH_AES_128_CBC_SHA, TLS_ECDHE_RSA_WITH_AES_256_CBC_SHA, TLS_RSA_WITH_AES_128_GCM_SHA256, TLS_RSA_WITH_AES_128_CBC_SHA, TLS_RSA_WITH_AES_256_CBC_SHA, TLS_AES_128_GCM_SHA256, TLS_AES_256_GCM_SHA384]
15:47:55.243 [Test worker] DEBUG io.netty.channel.MultithreadEventLoopGroup - -Dio.netty.eventLoopThreads: 16
15:47:55.259 [Test worker] DEBUG io.netty.channel.nio.NioEventLoop - -Dio.netty.noKeySetOptimization: false
15:47:55.259 [Test worker] DEBUG io.netty.channel.nio.NioEventLoop - -Dio.netty.selectorAutoRebuildThreshold: 512
15:47:55.279 [Test worker] DEBUG io.netty.buffer.PooledByteBufAllocator - -Dio.netty.allocator.numHeapArenas: 5
15:47:55.279 [Test worker] DEBUG io.netty.buffer.PooledByteBufAllocator - -Dio.netty.allocator.numDirectArenas: 5
15:47:55.279 [Test worker] DEBUG io.netty.buffer.PooledByteBufAllocator - -Dio.netty.allocator.pageSize: 8192
15:47:55.279 [Test worker] DEBUG io.netty.buffer.PooledByteBufAllocator - -Dio.netty.allocator.maxOrder: 11
15:47:55.279 [Test worker] DEBUG io.netty.buffer.PooledByteBufAllocator - -Dio.netty.allocator.chunkSize: 16777216
15:47:55.279 [Test worker] DEBUG io.netty.buffer.PooledByteBufAllocator - -Dio.netty.allocator.smallCacheSize: 256
15:47:55.279 [Test worker] DEBUG io.netty.buffer.PooledByteBufAllocator - -Dio.netty.allocator.normalCacheSize: 64
15:47:55.279 [Test worker] DEBUG io.netty.buffer.PooledByteBufAllocator - -Dio.netty.allocator.maxCachedBufferCapacity: 32768
15:47:55.279 [Test worker] DEBUG io.netty.buffer.PooledByteBufAllocator - -Dio.netty.allocator.cacheTrimInterval: 8192
15:47:55.279 [Test worker] DEBUG io.netty.buffer.PooledByteBufAllocator - -Dio.netty.allocator.cacheTrimIntervalMillis: 0
15:47:55.279 [Test worker] DEBUG io.netty.buffer.PooledByteBufAllocator - -Dio.netty.allocator.useCacheForAllThreads: true
15:47:55.279 [Test worker] DEBUG io.netty.buffer.PooledByteBufAllocator - -Dio.netty.allocator.maxCachedByteBuffersPerChunk: 1023
15:47:55.295 [Test worker] DEBUG io.netty.buffer.ByteBufUtil - -Dio.netty.allocator.type: pooled
15:47:55.295 [Test worker] DEBUG io.netty.buffer.ByteBufUtil - -Dio.netty.threadLocalDirectBufferSize: 0
15:47:55.295 [Test worker] DEBUG io.netty.buffer.ByteBufUtil - -Dio.netty.maxThreadLocalCharBufferSize: 16384
15:47:56.020 [Forwarding newSession on session null to remote] DEBUG io.netty.channel.DefaultChannelId - -Dio.netty.processId: 14344 (auto-detected)
15:47:56.021 [Forwarding newSession on session null to remote] DEBUG io.netty.util.NetUtil - -Djava.net.preferIPv4Stack: false
15:47:56.021 [Forwarding newSession on session null to remote] DEBUG io.netty.util.NetUtil - -Djava.net.preferIPv6Addresses: false
15:47:56.029 [Forwarding newSession on session null to remote] DEBUG io.netty.util.NetUtilInitializations - Loopback interface: lo (Software Loopback Interface 1, 127.0.0.1)
15:47:56.030 [Forwarding newSession on session null to remote] DEBUG io.netty.util.NetUtil - Failed to get SOMAXCONN from sysctl and file \proc\sys\net\core\somaxconn. Default: 200
15:47:56.059 [Forwarding newSession on session null to remote] DEBUG io.netty.channel.DefaultChannelId - -Dio.netty.machineId: 00:bb:60:ff:fe:b1:d7:44 (auto-detected)
15:47:56.096 [AsyncHttpClient-1-2] DEBUG io.netty.buffer.AbstractByteBuf - -Dio.netty.buffer.checkAccessible: true
15:47:56.096 [AsyncHttpClient-1-2] DEBUG io.netty.buffer.AbstractByteBuf - -Dio.netty.buffer.checkBounds: true
15:47:56.096 [AsyncHttpClient-1-2] DEBUG io.netty.util.ResourceLeakDetectorFactory - Loaded default ResourceLeakDetector: io.netty.util.ResourceLeakDetector@5e932079
15:47:56.104 [AsyncHttpClient-1-2] DEBUG org.asynchttpclient.netty.channel.NettyConnectListener - Using new Channel '[id: 0x0e957712, L:/127.0.0.1:62564 - R:localhost/127.0.0.1:43471]' for 'POST' to '/session'
15:47:56.118 [AsyncHttpClient-1-2] DEBUG io.netty.util.Recycler - -Dio.netty.recycler.maxCapacityPerThread: 4096
15:47:56.118 [AsyncHttpClient-1-2] DEBUG io.netty.util.Recycler - -Dio.netty.recycler.maxSharedCapacityFactor: 2
15:47:56.118 [AsyncHttpClient-1-2] DEBUG io.netty.util.Recycler - -Dio.netty.recycler.linkCapacity: 16
15:47:56.118 [AsyncHttpClient-1-2] DEBUG io.netty.util.Recycler - -Dio.netty.recycler.ratio: 8
15:47:56.118 [AsyncHttpClient-1-2] DEBUG io.netty.util.Recycler - -Dio.netty.recycler.delayedQueue.ratio: 8
15:47:58.657 [AsyncHttpClient-1-2] DEBUG org.asynchttpclient.netty.handler.HttpHandler - 

Request DefaultHttpRequest(decodeResult: success, version: HTTP/1.1)
POST /session HTTP/1.1
User-Agent: selenium/4.0.0-beta-4 (java windows)
Content-Length: 381
Content-Type: application/json; charset=utf-8
host: localhost:43471
accept: */*

Response DefaultHttpResponse(decodeResult: success, version: HTTP/1.1)
HTTP/1.1 200 OK
content-type: application/json; charset=utf-8
cache-control: no-cache
date: Sun, 05 Sep 2021 12:47:56 GMT
content-length: 732

15:47:58.673 [AsyncHttpClient-1-2] DEBUG org.asynchttpclient.netty.channel.ChannelManager - Adding key: http://localhost:43471 for channel [id: 0x0e957712, L:/127.0.0.1:62564 - R:localhost/127.0.0.1:43471]
15:47:58.767 [Forwarding get on session 24ddc0ab-3bb0-4179-8a1d-949414776b3e to remote] DEBUG org.asynchttpclient.netty.request.NettyRequestSender - Using pooled Channel '[id: 0x0e957712, L:/127.0.0.1:62564 - R:localhost/127.0.0.1:43471]' for 'POST' to 'http://localhost:43471/session/24ddc0ab-3bb0-4179-8a1d-949414776b3e/url'
15:47:58.767 [Forwarding get on session 24ddc0ab-3bb0-4179-8a1d-949414776b3e to remote] DEBUG org.asynchttpclient.netty.request.NettyRequestSender - Using open Channel [id: 0x0e957712, L:/127.0.0.1:62564 - R:localhost/127.0.0.1:43471] for POST '/session/24ddc0ab-3bb0-4179-8a1d-949414776b3e/url'
15:48:00.177 [AsyncHttpClient-1-2] DEBUG org.asynchttpclient.netty.handler.HttpHandler - 

Request DefaultHttpRequest(decodeResult: success, version: HTTP/1.1)
POST /session/24ddc0ab-3bb0-4179-8a1d-949414776b3e/url HTTP/1.1
User-Agent: selenium/4.0.0-beta-4 (java windows)
Content-Length: 68
Content-Type: application/json; charset=utf-8
host: localhost:43471
accept: */*

Response DefaultHttpResponse(decodeResult: success, version: HTTP/1.1)
HTTP/1.1 200 OK
content-type: application/json; charset=utf-8
cache-control: no-cache
date: Sun, 05 Sep 2021 12:47:58 GMT
content-length: 14

15:48:00.178 [AsyncHttpClient-1-2] DEBUG org.asynchttpclient.netty.channel.ChannelManager - Adding key: http://localhost:43471 for channel [id: 0x0e957712, L:/127.0.0.1:62564 - R:localhost/127.0.0.1:43471]
15:48:00.182 [Forwarding findElement on session 24ddc0ab-3bb0-4179-8a1d-949414776b3e to remote] DEBUG org.asynchttpclient.netty.request.NettyRequestSender - Using pooled Channel '[id: 0x0e957712, L:/127.0.0.1:62564 - R:localhost/127.0.0.1:43471]' for 'POST' to 'http://localhost:43471/session/24ddc0ab-3bb0-4179-8a1d-949414776b3e/element'
15:48:00.182 [Forwarding findElement on session 24ddc0ab-3bb0-4179-8a1d-949414776b3e to remote] DEBUG org.asynchttpclient.netty.request.NettyRequestSender - Using open Channel [id: 0x0e957712, L:/127.0.0.1:62564 - R:localhost/127.0.0.1:43471] for POST '/session/24ddc0ab-3bb0-4179-8a1d-949414776b3e/element'
15:48:00.200 [AsyncHttpClient-1-2] DEBUG org.asynchttpclient.netty.handler.HttpHandler - 

Request DefaultHttpRequest(decodeResult: success, version: HTTP/1.1)
POST /session/24ddc0ab-3bb0-4179-8a1d-949414776b3e/element HTTP/1.1
User-Agent: selenium/4.0.0-beta-4 (java windows)
Content-Length: 62
Content-Type: application/json; charset=utf-8
host: localhost:43471
accept: */*

Response DefaultHttpResponse(decodeResult: success, version: HTTP/1.1)
HTTP/1.1 200 OK
content-type: application/json; charset=utf-8
cache-control: no-cache
date: Sun, 05 Sep 2021 12:48:00 GMT
content-length: 88

15:48:00.200 [AsyncHttpClient-1-2] DEBUG org.asynchttpclient.netty.channel.ChannelManager - Adding key: http://localhost:43471 for channel [id: 0x0e957712, L:/127.0.0.1:62564 - R:localhost/127.0.0.1:43471]
15:48:00.203 [Forwarding clickElement on session 24ddc0ab-3bb0-4179-8a1d-949414776b3e to remote] DEBUG org.asynchttpclient.netty.request.NettyRequestSender - Using pooled Channel '[id: 0x0e957712, L:/127.0.0.1:62564 - R:localhost/127.0.0.1:43471]' for 'POST' to 'http://localhost:43471/session/24ddc0ab-3bb0-4179-8a1d-949414776b3e/element/90c6a9ad-2291-4dff-979a-95ab9d6dc5b4/click'
15:48:00.203 [Forwarding clickElement on session 24ddc0ab-3bb0-4179-8a1d-949414776b3e to remote] DEBUG org.asynchttpclient.netty.request.NettyRequestSender - Using open Channel [id: 0x0e957712, L:/127.0.0.1:62564 - R:localhost/127.0.0.1:43471] for POST '/session/24ddc0ab-3bb0-4179-8a1d-949414776b3e/element/90c6a9ad-2291-4dff-979a-95ab9d6dc5b4/click'
15:48:00.426 [AsyncHttpClient-1-2] DEBUG org.asynchttpclient.netty.handler.HttpHandler - 

Request DefaultHttpRequest(decodeResult: success, version: HTTP/1.1)
POST /session/24ddc0ab-3bb0-4179-8a1d-949414776b3e/element/90c6a9ad-2291-4dff-979a-95ab9d6dc5b4/click HTTP/1.1
User-Agent: selenium/4.0.0-beta-4 (java windows)
Content-Length: 50
Content-Type: application/json; charset=utf-8
host: localhost:43471
accept: */*

Response DefaultHttpResponse(decodeResult: success, version: HTTP/1.1)
HTTP/1.1 200 OK
content-type: application/json; charset=utf-8
cache-control: no-cache
date: Sun, 05 Sep 2021 12:48:00 GMT
content-length: 14

15:48:00.426 [AsyncHttpClient-1-2] DEBUG org.asynchttpclient.netty.channel.ChannelManager - Adding key: http://localhost:43471 for channel [id: 0x0e957712, L:/127.0.0.1:62564 - R:localhost/127.0.0.1:43471]
15:48:00.428 [Forwarding findElement on session 24ddc0ab-3bb0-4179-8a1d-949414776b3e to remote] DEBUG org.asynchttpclient.netty.request.NettyRequestSender - Using pooled Channel '[id: 0x0e957712, L:/127.0.0.1:62564 - R:localhost/127.0.0.1:43471]' for 'POST' to 'http://localhost:43471/session/24ddc0ab-3bb0-4179-8a1d-949414776b3e/element'
15:48:00.428 [Forwarding findElement on session 24ddc0ab-3bb0-4179-8a1d-949414776b3e to remote] DEBUG org.asynchttpclient.netty.request.NettyRequestSender - Using open Channel [id: 0x0e957712, L:/127.0.0.1:62564 - R:localhost/127.0.0.1:43471] for POST '/session/24ddc0ab-3bb0-4179-8a1d-949414776b3e/element'
15:48:00.431 [AsyncHttpClient-1-2] DEBUG org.asynchttpclient.netty.handler.HttpHandler - 

Request DefaultHttpRequest(decodeResult: success, version: HTTP/1.1)
POST /session/24ddc0ab-3bb0-4179-8a1d-949414776b3e/element HTTP/1.1
User-Agent: selenium/4.0.0-beta-4 (java windows)
Content-Length: 62
Content-Type: application/json; charset=utf-8
host: localhost:43471
accept: */*

Response DefaultHttpResponse(decodeResult: success, version: HTTP/1.1)
HTTP/1.1 200 OK
content-type: application/json; charset=utf-8
cache-control: no-cache
date: Sun, 05 Sep 2021 12:48:00 GMT
content-length: 88

15:48:00.432 [AsyncHttpClient-1-2] DEBUG org.asynchttpclient.netty.channel.ChannelManager - Adding key: http://localhost:43471 for channel [id: 0x0e957712, L:/127.0.0.1:62564 - R:localhost/127.0.0.1:43471]
15:48:00.444 [Forwarding getElementAttribute on session 24ddc0ab-3bb0-4179-8a1d-949414776b3e to remote] DEBUG org.asynchttpclient.netty.request.NettyRequestSender - Using pooled Channel '[id: 0x0e957712, L:/127.0.0.1:62564 - R:localhost/127.0.0.1:43471]' for 'POST' to 'http://localhost:43471/session/24ddc0ab-3bb0-4179-8a1d-949414776b3e/execute/sync'
15:48:00.445 [Forwarding getElementAttribute on session 24ddc0ab-3bb0-4179-8a1d-949414776b3e to remote] DEBUG org.asynchttpclient.netty.request.NettyRequestSender - Using open Channel [id: 0x0e957712, L:/127.0.0.1:62564 - R:localhost/127.0.0.1:43471] for POST '/session/24ddc0ab-3bb0-4179-8a1d-949414776b3e/execute/sync'
15:48:00.459 [AsyncHttpClient-1-2] DEBUG org.asynchttpclient.netty.handler.HttpHandler - 

Request DefaultHttpRequest(decodeResult: success, version: HTTP/1.1)
POST /session/24ddc0ab-3bb0-4179-8a1d-949414776b3e/execute/sync HTTP/1.1
User-Agent: selenium/4.0.0-beta-4 (java windows)
Content-Length: 47304
Content-Type: application/json; charset=utf-8
host: localhost:43471
accept: */*

Response DefaultHttpResponse(decodeResult: success, version: HTTP/1.1)
HTTP/1.1 200 OK
content-type: application/json; charset=utf-8
cache-control: no-cache
date: Sun, 05 Sep 2021 12:48:00 GMT
content-length: 12

15:48:00.459 [AsyncHttpClient-1-2] DEBUG org.asynchttpclient.netty.channel.ChannelManager - Adding key: http://localhost:43471 for channel [id: 0x0e957712, L:/127.0.0.1:62564 - R:localhost/127.0.0.1:43471]
15:48:00.461 [Forwarding findElement on session 24ddc0ab-3bb0-4179-8a1d-949414776b3e to remote] DEBUG org.asynchttpclient.netty.request.NettyRequestSender - Using pooled Channel '[id: 0x0e957712, L:/127.0.0.1:62564 - R:localhost/127.0.0.1:43471]' for 'POST' to 'http://localhost:43471/session/24ddc0ab-3bb0-4179-8a1d-949414776b3e/element'
15:48:00.462 [Forwarding findElement on session 24ddc0ab-3bb0-4179-8a1d-949414776b3e to remote] DEBUG org.asynchttpclient.netty.request.NettyRequestSender - Using open Channel [id: 0x0e957712, L:/127.0.0.1:62564 - R:localhost/127.0.0.1:43471] for POST '/session/24ddc0ab-3bb0-4179-8a1d-949414776b3e/element'
15:48:00.465 [AsyncHttpClient-1-2] DEBUG org.asynchttpclient.netty.handler.HttpHandler - 

Request DefaultHttpRequest(decodeResult: success, version: HTTP/1.1)
POST /session/24ddc0ab-3bb0-4179-8a1d-949414776b3e/element HTTP/1.1
User-Agent: selenium/4.0.0-beta-4 (java windows)
Content-Length: 62
Content-Type: application/json; charset=utf-8
host: localhost:43471
accept: */*

Response DefaultHttpResponse(decodeResult: success, version: HTTP/1.1)
HTTP/1.1 200 OK
content-type: application/json; charset=utf-8
cache-control: no-cache
date: Sun, 05 Sep 2021 12:48:00 GMT
content-length: 88

15:48:00.465 [AsyncHttpClient-1-2] DEBUG org.asynchttpclient.netty.channel.ChannelManager - Adding key: http://localhost:43471 for channel [id: 0x0e957712, L:/127.0.0.1:62564 - R:localhost/127.0.0.1:43471]
15:48:00.468 [Forwarding clearElement on session 24ddc0ab-3bb0-4179-8a1d-949414776b3e to remote] DEBUG org.asynchttpclient.netty.request.NettyRequestSender - Using pooled Channel '[id: 0x0e957712, L:/127.0.0.1:62564 - R:localhost/127.0.0.1:43471]' for 'POST' to 'http://localhost:43471/session/24ddc0ab-3bb0-4179-8a1d-949414776b3e/element/90c6a9ad-2291-4dff-979a-95ab9d6dc5b4/clear'
15:48:00.468 [Forwarding clearElement on session 24ddc0ab-3bb0-4179-8a1d-949414776b3e to remote] DEBUG org.asynchttpclient.netty.request.NettyRequestSender - Using open Channel [id: 0x0e957712, L:/127.0.0.1:62564 - R:localhost/127.0.0.1:43471] for POST '/session/24ddc0ab-3bb0-4179-8a1d-949414776b3e/element/90c6a9ad-2291-4dff-979a-95ab9d6dc5b4/clear'
15:48:00.473 [AsyncHttpClient-1-2] DEBUG org.asynchttpclient.netty.handler.HttpHandler - 

Request DefaultHttpRequest(decodeResult: success, version: HTTP/1.1)
POST /session/24ddc0ab-3bb0-4179-8a1d-949414776b3e/element/90c6a9ad-2291-4dff-979a-95ab9d6dc5b4/clear HTTP/1.1
User-Agent: selenium/4.0.0-beta-4 (java windows)
Content-Length: 50
Content-Type: application/json; charset=utf-8
host: localhost:43471
accept: */*

Response DefaultHttpResponse(decodeResult: success, version: HTTP/1.1)
HTTP/1.1 200 OK
content-type: application/json; charset=utf-8
cache-control: no-cache
date: Sun, 05 Sep 2021 12:48:00 GMT
content-length: 14

15:48:00.473 [AsyncHttpClient-1-2] DEBUG org.asynchttpclient.netty.channel.ChannelManager - Adding key: http://localhost:43471 for channel [id: 0x0e957712, L:/127.0.0.1:62564 - R:localhost/127.0.0.1:43471]
15:48:00.475 [Forwarding findElement on session 24ddc0ab-3bb0-4179-8a1d-949414776b3e to remote] DEBUG org.asynchttpclient.netty.request.NettyRequestSender - Using pooled Channel '[id: 0x0e957712, L:/127.0.0.1:62564 - R:localhost/127.0.0.1:43471]' for 'POST' to 'http://localhost:43471/session/24ddc0ab-3bb0-4179-8a1d-949414776b3e/element'
15:48:00.475 [Forwarding findElement on session 24ddc0ab-3bb0-4179-8a1d-949414776b3e to remote] DEBUG org.asynchttpclient.netty.request.NettyRequestSender - Using open Channel [id: 0x0e957712, L:/127.0.0.1:62564 - R:localhost/127.0.0.1:43471] for POST '/session/24ddc0ab-3bb0-4179-8a1d-949414776b3e/element'
15:48:00.478 [AsyncHttpClient-1-2] DEBUG org.asynchttpclient.netty.handler.HttpHandler - 

Request DefaultHttpRequest(decodeResult: success, version: HTTP/1.1)
POST /session/24ddc0ab-3bb0-4179-8a1d-949414776b3e/element HTTP/1.1
User-Agent: selenium/4.0.0-beta-4 (java windows)
Content-Length: 62
Content-Type: application/json; charset=utf-8
host: localhost:43471
accept: */*

Response DefaultHttpResponse(decodeResult: success, version: HTTP/1.1)
HTTP/1.1 200 OK
content-type: application/json; charset=utf-8
cache-control: no-cache
date: Sun, 05 Sep 2021 12:48:00 GMT
content-length: 88

15:48:00.479 [AsyncHttpClient-1-2] DEBUG org.asynchttpclient.netty.channel.ChannelManager - Adding key: http://localhost:43471 for channel [id: 0x0e957712, L:/127.0.0.1:62564 - R:localhost/127.0.0.1:43471]
15:48:00.484 [Forwarding sendKeysToElement on session 24ddc0ab-3bb0-4179-8a1d-949414776b3e to remote] DEBUG org.asynchttpclient.netty.request.NettyRequestSender - Using pooled Channel '[id: 0x0e957712, L:/127.0.0.1:62564 - R:localhost/127.0.0.1:43471]' for 'POST' to 'http://localhost:43471/session/24ddc0ab-3bb0-4179-8a1d-949414776b3e/element/90c6a9ad-2291-4dff-979a-95ab9d6dc5b4/value'
15:48:00.484 [Forwarding sendKeysToElement on session 24ddc0ab-3bb0-4179-8a1d-949414776b3e to remote] DEBUG org.asynchttpclient.netty.request.NettyRequestSender - Using open Channel [id: 0x0e957712, L:/127.0.0.1:62564 - R:localhost/127.0.0.1:43471] for POST '/session/24ddc0ab-3bb0-4179-8a1d-949414776b3e/element/90c6a9ad-2291-4dff-979a-95ab9d6dc5b4/value'
15:48:00.505 [AsyncHttpClient-1-2] DEBUG org.asynchttpclient.netty.handler.HttpHandler - 

Request DefaultHttpRequest(decodeResult: success, version: HTTP/1.1)
POST /session/24ddc0ab-3bb0-4179-8a1d-949414776b3e/element/90c6a9ad-2291-4dff-979a-95ab9d6dc5b4/value HTTP/1.1
User-Agent: selenium/4.0.0-beta-4 (java windows)
Content-Length: 211
Content-Type: application/json; charset=utf-8
host: localhost:43471
accept: */*

Response DefaultHttpResponse(decodeResult: success, version: HTTP/1.1)
HTTP/1.1 200 OK
content-type: application/json; charset=utf-8
cache-control: no-cache
date: Sun, 05 Sep 2021 12:48:00 GMT
content-length: 14

15:48:00.505 [AsyncHttpClient-1-2] DEBUG org.asynchttpclient.netty.channel.ChannelManager - Adding key: http://localhost:43471 for channel [id: 0x0e957712, L:/127.0.0.1:62564 - R:localhost/127.0.0.1:43471]
15:48:00.508 [Forwarding findElement on session 24ddc0ab-3bb0-4179-8a1d-949414776b3e to remote] DEBUG org.asynchttpclient.netty.request.NettyRequestSender - Using pooled Channel '[id: 0x0e957712, L:/127.0.0.1:62564 - R:localhost/127.0.0.1:43471]' for 'POST' to 'http://localhost:43471/session/24ddc0ab-3bb0-4179-8a1d-949414776b3e/element'
15:48:00.509 [Forwarding findElement on session 24ddc0ab-3bb0-4179-8a1d-949414776b3e to remote] DEBUG org.asynchttpclient.netty.request.NettyRequestSender - Using open Channel [id: 0x0e957712, L:/127.0.0.1:62564 - R:localhost/127.0.0.1:43471] for POST '/session/24ddc0ab-3bb0-4179-8a1d-949414776b3e/element'
15:48:00.513 [AsyncHttpClient-1-2] DEBUG org.asynchttpclient.netty.handler.HttpHandler - 

Request DefaultHttpRequest(decodeResult: success, version: HTTP/1.1)
POST /session/24ddc0ab-3bb0-4179-8a1d-949414776b3e/element HTTP/1.1
User-Agent: selenium/4.0.0-beta-4 (java windows)
Content-Length: 64
Content-Type: application/json; charset=utf-8
host: localhost:43471
accept: */*

Response DefaultHttpResponse(decodeResult: success, version: HTTP/1.1)
HTTP/1.1 200 OK
content-type: application/json; charset=utf-8
cache-control: no-cache
date: Sun, 05 Sep 2021 12:48:00 GMT
content-length: 88

15:48:00.513 [AsyncHttpClient-1-2] DEBUG org.asynchttpclient.netty.channel.ChannelManager - Adding key: http://localhost:43471 for channel [id: 0x0e957712, L:/127.0.0.1:62564 - R:localhost/127.0.0.1:43471]
15:48:00.515 [Forwarding clickElement on session 24ddc0ab-3bb0-4179-8a1d-949414776b3e to remote] DEBUG org.asynchttpclient.netty.request.NettyRequestSender - Using pooled Channel '[id: 0x0e957712, L:/127.0.0.1:62564 - R:localhost/127.0.0.1:43471]' for 'POST' to 'http://localhost:43471/session/24ddc0ab-3bb0-4179-8a1d-949414776b3e/element/05efa449-4a3d-485f-afc8-f0e4636b4977/click'
15:48:00.515 [Forwarding clickElement on session 24ddc0ab-3bb0-4179-8a1d-949414776b3e to remote] DEBUG org.asynchttpclient.netty.request.NettyRequestSender - Using open Channel [id: 0x0e957712, L:/127.0.0.1:62564 - R:localhost/127.0.0.1:43471] for POST '/session/24ddc0ab-3bb0-4179-8a1d-949414776b3e/element/05efa449-4a3d-485f-afc8-f0e4636b4977/click'
15:48:01.062 [AsyncHttpClient-1-2] DEBUG org.asynchttpclient.netty.handler.HttpHandler - 

Request DefaultHttpRequest(decodeResult: success, version: HTTP/1.1)
POST /session/24ddc0ab-3bb0-4179-8a1d-949414776b3e/element/05efa449-4a3d-485f-afc8-f0e4636b4977/click HTTP/1.1
User-Agent: selenium/4.0.0-beta-4 (java windows)
Content-Length: 50
Content-Type: application/json; charset=utf-8
host: localhost:43471
accept: */*

Response DefaultHttpResponse(decodeResult: success, version: HTTP/1.1)
HTTP/1.1 200 OK
content-type: application/json; charset=utf-8
cache-control: no-cache
date: Sun, 05 Sep 2021 12:48:00 GMT
content-length: 14

15:48:01.062 [AsyncHttpClient-1-2] DEBUG org.asynchttpclient.netty.channel.ChannelManager - Adding key: http://localhost:43471 for channel [id: 0x0e957712, L:/127.0.0.1:62564 - R:localhost/127.0.0.1:43471]
15:48:01.064 [Forwarding findElement on session 24ddc0ab-3bb0-4179-8a1d-949414776b3e to remote] DEBUG org.asynchttpclient.netty.request.NettyRequestSender - Using pooled Channel '[id: 0x0e957712, L:/127.0.0.1:62564 - R:localhost/127.0.0.1:43471]' for 'POST' to 'http://localhost:43471/session/24ddc0ab-3bb0-4179-8a1d-949414776b3e/element'
15:48:01.064 [Forwarding findElement on session 24ddc0ab-3bb0-4179-8a1d-949414776b3e to remote] DEBUG org.asynchttpclient.netty.request.NettyRequestSender - Using open Channel [id: 0x0e957712, L:/127.0.0.1:62564 - R:localhost/127.0.0.1:43471] for POST '/session/24ddc0ab-3bb0-4179-8a1d-949414776b3e/element'
15:48:01.074 [AsyncHttpClient-1-2] DEBUG org.asynchttpclient.netty.handler.HttpHandler - 

Request DefaultHttpRequest(decodeResult: success, version: HTTP/1.1)
POST /session/24ddc0ab-3bb0-4179-8a1d-949414776b3e/element HTTP/1.1
User-Agent: selenium/4.0.0-beta-4 (java windows)
Content-Length: 62
Content-Type: application/json; charset=utf-8
host: localhost:43471
accept: */*

Response DefaultHttpResponse(decodeResult: success, version: HTTP/1.1)
HTTP/1.1 200 OK
content-type: application/json; charset=utf-8
cache-control: no-cache
date: Sun, 05 Sep 2021 12:48:01 GMT
content-length: 88

15:48:01.074 [AsyncHttpClient-1-2] DEBUG org.asynchttpclient.netty.channel.ChannelManager - Adding key: http://localhost:43471 for channel [id: 0x0e957712, L:/127.0.0.1:62564 - R:localhost/127.0.0.1:43471]
15:48:01.077 [Forwarding clickElement on session 24ddc0ab-3bb0-4179-8a1d-949414776b3e to remote] DEBUG org.asynchttpclient.netty.request.NettyRequestSender - Using pooled Channel '[id: 0x0e957712, L:/127.0.0.1:62564 - R:localhost/127.0.0.1:43471]' for 'POST' to 'http://localhost:43471/session/24ddc0ab-3bb0-4179-8a1d-949414776b3e/element/de63db7c-ff85-44f8-b195-f6942b2d4589/click'
15:48:01.077 [Forwarding clickElement on session 24ddc0ab-3bb0-4179-8a1d-949414776b3e to remote] DEBUG org.asynchttpclient.netty.request.NettyRequestSender - Using open Channel [id: 0x0e957712, L:/127.0.0.1:62564 - R:localhost/127.0.0.1:43471] for POST '/session/24ddc0ab-3bb0-4179-8a1d-949414776b3e/element/de63db7c-ff85-44f8-b195-f6942b2d4589/click'
15:48:01.300 [AsyncHttpClient-1-2] DEBUG org.asynchttpclient.netty.handler.HttpHandler - 

Request DefaultHttpRequest(decodeResult: success, version: HTTP/1.1)
POST /session/24ddc0ab-3bb0-4179-8a1d-949414776b3e/element/de63db7c-ff85-44f8-b195-f6942b2d4589/click HTTP/1.1
User-Agent: selenium/4.0.0-beta-4 (java windows)
Content-Length: 50
Content-Type: application/json; charset=utf-8
host: localhost:43471
accept: */*

Response DefaultHttpResponse(decodeResult: success, version: HTTP/1.1)
HTTP/1.1 200 OK
content-type: application/json; charset=utf-8
cache-control: no-cache
date: Sun, 05 Sep 2021 12:48:01 GMT
content-length: 14

15:48:01.300 [AsyncHttpClient-1-2] DEBUG org.asynchttpclient.netty.channel.ChannelManager - Adding key: http://localhost:43471 for channel [id: 0x0e957712, L:/127.0.0.1:62564 - R:localhost/127.0.0.1:43471]
15:48:01.301 [Forwarding findElement on session 24ddc0ab-3bb0-4179-8a1d-949414776b3e to remote] DEBUG org.asynchttpclient.netty.request.NettyRequestSender - Using pooled Channel '[id: 0x0e957712, L:/127.0.0.1:62564 - R:localhost/127.0.0.1:43471]' for 'POST' to 'http://localhost:43471/session/24ddc0ab-3bb0-4179-8a1d-949414776b3e/element'
15:48:01.301 [Forwarding findElement on session 24ddc0ab-3bb0-4179-8a1d-949414776b3e to remote] DEBUG org.asynchttpclient.netty.request.NettyRequestSender - Using open Channel [id: 0x0e957712, L:/127.0.0.1:62564 - R:localhost/127.0.0.1:43471] for POST '/session/24ddc0ab-3bb0-4179-8a1d-949414776b3e/element'
15:48:01.305 [AsyncHttpClient-1-2] DEBUG org.asynchttpclient.netty.handler.HttpHandler - 

Request DefaultHttpRequest(decodeResult: success, version: HTTP/1.1)
POST /session/24ddc0ab-3bb0-4179-8a1d-949414776b3e/element HTTP/1.1
User-Agent: selenium/4.0.0-beta-4 (java windows)
Content-Length: 62
Content-Type: application/json; charset=utf-8
host: localhost:43471
accept: */*

Response DefaultHttpResponse(decodeResult: success, version: HTTP/1.1)
HTTP/1.1 200 OK
content-type: application/json; charset=utf-8
cache-control: no-cache
date: Sun, 05 Sep 2021 12:48:01 GMT
content-length: 88

15:48:01.306 [AsyncHttpClient-1-2] DEBUG org.asynchttpclient.netty.channel.ChannelManager - Adding key: http://localhost:43471 for channel [id: 0x0e957712, L:/127.0.0.1:62564 - R:localhost/127.0.0.1:43471]
15:48:01.312 [Forwarding getElementAttribute on session 24ddc0ab-3bb0-4179-8a1d-949414776b3e to remote] DEBUG org.asynchttpclient.netty.request.NettyRequestSender - Using pooled Channel '[id: 0x0e957712, L:/127.0.0.1:62564 - R:localhost/127.0.0.1:43471]' for 'POST' to 'http://localhost:43471/session/24ddc0ab-3bb0-4179-8a1d-949414776b3e/execute/sync'
15:48:01.312 [Forwarding getElementAttribute on session 24ddc0ab-3bb0-4179-8a1d-949414776b3e to remote] DEBUG org.asynchttpclient.netty.request.NettyRequestSender - Using open Channel [id: 0x0e957712, L:/127.0.0.1:62564 - R:localhost/127.0.0.1:43471] for POST '/session/24ddc0ab-3bb0-4179-8a1d-949414776b3e/execute/sync'
15:48:01.329 [AsyncHttpClient-1-2] DEBUG org.asynchttpclient.netty.handler.HttpHandler - 

Request DefaultHttpRequest(decodeResult: success, version: HTTP/1.1)
POST /session/24ddc0ab-3bb0-4179-8a1d-949414776b3e/execute/sync HTTP/1.1
User-Agent: selenium/4.0.0-beta-4 (java windows)
Content-Length: 47304
Content-Type: application/json; charset=utf-8
host: localhost:43471
accept: */*

Response DefaultHttpResponse(decodeResult: success, version: HTTP/1.1)
HTTP/1.1 200 OK
content-type: application/json; charset=utf-8
cache-control: no-cache
date: Sun, 05 Sep 2021 12:48:01 GMT
content-length: 12

15:48:01.329 [AsyncHttpClient-1-2] DEBUG org.asynchttpclient.netty.channel.ChannelManager - Adding key: http://localhost:43471 for channel [id: 0x0e957712, L:/127.0.0.1:62564 - R:localhost/127.0.0.1:43471]
15:48:01.331 [Forwarding findElement on session 24ddc0ab-3bb0-4179-8a1d-949414776b3e to remote] DEBUG org.asynchttpclient.netty.request.NettyRequestSender - Using pooled Channel '[id: 0x0e957712, L:/127.0.0.1:62564 - R:localhost/127.0.0.1:43471]' for 'POST' to 'http://localhost:43471/session/24ddc0ab-3bb0-4179-8a1d-949414776b3e/element'
15:48:01.331 [Forwarding findElement on session 24ddc0ab-3bb0-4179-8a1d-949414776b3e to remote] DEBUG org.asynchttpclient.netty.request.NettyRequestSender - Using open Channel [id: 0x0e957712, L:/127.0.0.1:62564 - R:localhost/127.0.0.1:43471] for POST '/session/24ddc0ab-3bb0-4179-8a1d-949414776b3e/element'
15:48:01.334 [AsyncHttpClient-1-2] DEBUG org.asynchttpclient.netty.handler.HttpHandler - 

Request DefaultHttpRequest(decodeResult: success, version: HTTP/1.1)
POST /session/24ddc0ab-3bb0-4179-8a1d-949414776b3e/element HTTP/1.1
User-Agent: selenium/4.0.0-beta-4 (java windows)
Content-Length: 62
Content-Type: application/json; charset=utf-8
host: localhost:43471
accept: */*

Response DefaultHttpResponse(decodeResult: success, version: HTTP/1.1)
HTTP/1.1 200 OK
content-type: application/json; charset=utf-8
cache-control: no-cache
date: Sun, 05 Sep 2021 12:48:01 GMT
content-length: 88

15:48:01.334 [AsyncHttpClient-1-2] DEBUG org.asynchttpclient.netty.channel.ChannelManager - Adding key: http://localhost:43471 for channel [id: 0x0e957712, L:/127.0.0.1:62564 - R:localhost/127.0.0.1:43471]
15:48:01.336 [Forwarding clearElement on session 24ddc0ab-3bb0-4179-8a1d-949414776b3e to remote] DEBUG org.asynchttpclient.netty.request.NettyRequestSender - Using pooled Channel '[id: 0x0e957712, L:/127.0.0.1:62564 - R:localhost/127.0.0.1:43471]' for 'POST' to 'http://localhost:43471/session/24ddc0ab-3bb0-4179-8a1d-949414776b3e/element/de63db7c-ff85-44f8-b195-f6942b2d4589/clear'
15:48:01.336 [Forwarding clearElement on session 24ddc0ab-3bb0-4179-8a1d-949414776b3e to remote] DEBUG org.asynchttpclient.netty.request.NettyRequestSender - Using open Channel [id: 0x0e957712, L:/127.0.0.1:62564 - R:localhost/127.0.0.1:43471] for POST '/session/24ddc0ab-3bb0-4179-8a1d-949414776b3e/element/de63db7c-ff85-44f8-b195-f6942b2d4589/clear'
15:48:01.340 [AsyncHttpClient-1-2] DEBUG org.asynchttpclient.netty.handler.HttpHandler - 

Request DefaultHttpRequest(decodeResult: success, version: HTTP/1.1)
POST /session/24ddc0ab-3bb0-4179-8a1d-949414776b3e/element/de63db7c-ff85-44f8-b195-f6942b2d4589/clear HTTP/1.1
User-Agent: selenium/4.0.0-beta-4 (java windows)
Content-Length: 50
Content-Type: application/json; charset=utf-8
host: localhost:43471
accept: */*

Response DefaultHttpResponse(decodeResult: success, version: HTTP/1.1)
HTTP/1.1 200 OK
content-type: application/json; charset=utf-8
cache-control: no-cache
date: Sun, 05 Sep 2021 12:48:01 GMT
content-length: 14

15:48:01.340 [AsyncHttpClient-1-2] DEBUG org.asynchttpclient.netty.channel.ChannelManager - Adding key: http://localhost:43471 for channel [id: 0x0e957712, L:/127.0.0.1:62564 - R:localhost/127.0.0.1:43471]
15:48:01.342 [Forwarding findElement on session 24ddc0ab-3bb0-4179-8a1d-949414776b3e to remote] DEBUG org.asynchttpclient.netty.request.NettyRequestSender - Using pooled Channel '[id: 0x0e957712, L:/127.0.0.1:62564 - R:localhost/127.0.0.1:43471]' for 'POST' to 'http://localhost:43471/session/24ddc0ab-3bb0-4179-8a1d-949414776b3e/element'
15:48:01.342 [Forwarding findElement on session 24ddc0ab-3bb0-4179-8a1d-949414776b3e to remote] DEBUG org.asynchttpclient.netty.request.NettyRequestSender - Using open Channel [id: 0x0e957712, L:/127.0.0.1:62564 - R:localhost/127.0.0.1:43471] for POST '/session/24ddc0ab-3bb0-4179-8a1d-949414776b3e/element'
15:48:01.366 [AsyncHttpClient-1-2] DEBUG org.asynchttpclient.netty.handler.HttpHandler - 

Request DefaultHttpRequest(decodeResult: success, version: HTTP/1.1)
POST /session/24ddc0ab-3bb0-4179-8a1d-949414776b3e/element HTTP/1.1
User-Agent: selenium/4.0.0-beta-4 (java windows)
Content-Length: 62
Content-Type: application/json; charset=utf-8
host: localhost:43471
accept: */*

Response DefaultHttpResponse(decodeResult: success, version: HTTP/1.1)
HTTP/1.1 200 OK
content-type: application/json; charset=utf-8
cache-control: no-cache
date: Sun, 05 Sep 2021 12:48:01 GMT
content-length: 88

15:48:01.367 [AsyncHttpClient-1-2] DEBUG org.asynchttpclient.netty.channel.ChannelManager - Adding key: http://localhost:43471 for channel [id: 0x0e957712, L:/127.0.0.1:62564 - R:localhost/127.0.0.1:43471]
15:48:01.370 [Forwarding sendKeysToElement on session 24ddc0ab-3bb0-4179-8a1d-949414776b3e to remote] DEBUG org.asynchttpclient.netty.request.NettyRequestSender - Using pooled Channel '[id: 0x0e957712, L:/127.0.0.1:62564 - R:localhost/127.0.0.1:43471]' for 'POST' to 'http://localhost:43471/session/24ddc0ab-3bb0-4179-8a1d-949414776b3e/element/de63db7c-ff85-44f8-b195-f6942b2d4589/value'
15:48:01.370 [Forwarding sendKeysToElement on session 24ddc0ab-3bb0-4179-8a1d-949414776b3e to remote] DEBUG org.asynchttpclient.netty.request.NettyRequestSender - Using open Channel [id: 0x0e957712, L:/127.0.0.1:62564 - R:localhost/127.0.0.1:43471] for POST '/session/24ddc0ab-3bb0-4179-8a1d-949414776b3e/element/de63db7c-ff85-44f8-b195-f6942b2d4589/value'
15:48:01.380 [AsyncHttpClient-1-2] DEBUG org.asynchttpclient.netty.handler.HttpHandler - 

Request DefaultHttpRequest(decodeResult: success, version: HTTP/1.1)
POST /session/24ddc0ab-3bb0-4179-8a1d-949414776b3e/element/de63db7c-ff85-44f8-b195-f6942b2d4589/value HTTP/1.1
User-Agent: selenium/4.0.0-beta-4 (java windows)
Content-Length: 151
Content-Type: application/json; charset=utf-8
host: localhost:43471
accept: */*

Response DefaultHttpResponse(decodeResult: success, version: HTTP/1.1)
HTTP/1.1 200 OK
content-type: application/json; charset=utf-8
cache-control: no-cache
date: Sun, 05 Sep 2021 12:48:01 GMT
content-length: 14

15:48:01.380 [AsyncHttpClient-1-2] DEBUG org.asynchttpclient.netty.channel.ChannelManager - Adding key: http://localhost:43471 for channel [id: 0x0e957712, L:/127.0.0.1:62564 - R:localhost/127.0.0.1:43471]
15:48:01.382 [Forwarding findElement on session 24ddc0ab-3bb0-4179-8a1d-949414776b3e to remote] DEBUG org.asynchttpclient.netty.request.NettyRequestSender - Using pooled Channel '[id: 0x0e957712, L:/127.0.0.1:62564 - R:localhost/127.0.0.1:43471]' for 'POST' to 'http://localhost:43471/session/24ddc0ab-3bb0-4179-8a1d-949414776b3e/element'
15:48:01.382 [Forwarding findElement on session 24ddc0ab-3bb0-4179-8a1d-949414776b3e to remote] DEBUG org.asynchttpclient.netty.request.NettyRequestSender - Using open Channel [id: 0x0e957712, L:/127.0.0.1:62564 - R:localhost/127.0.0.1:43471] for POST '/session/24ddc0ab-3bb0-4179-8a1d-949414776b3e/element'
15:48:01.385 [AsyncHttpClient-1-2] DEBUG org.asynchttpclient.netty.handler.HttpHandler - 

Request DefaultHttpRequest(decodeResult: success, version: HTTP/1.1)
POST /session/24ddc0ab-3bb0-4179-8a1d-949414776b3e/element HTTP/1.1
User-Agent: selenium/4.0.0-beta-4 (java windows)
Content-Length: 64
Content-Type: application/json; charset=utf-8
host: localhost:43471
accept: */*

Response DefaultHttpResponse(decodeResult: success, version: HTTP/1.1)
HTTP/1.1 200 OK
content-type: application/json; charset=utf-8
cache-control: no-cache
date: Sun, 05 Sep 2021 12:48:01 GMT
content-length: 88

15:48:01.386 [AsyncHttpClient-1-2] DEBUG org.asynchttpclient.netty.channel.ChannelManager - Adding key: http://localhost:43471 for channel [id: 0x0e957712, L:/127.0.0.1:62564 - R:localhost/127.0.0.1:43471]
15:48:01.390 [Forwarding clickElement on session 24ddc0ab-3bb0-4179-8a1d-949414776b3e to remote] DEBUG org.asynchttpclient.netty.request.NettyRequestSender - Using pooled Channel '[id: 0x0e957712, L:/127.0.0.1:62564 - R:localhost/127.0.0.1:43471]' for 'POST' to 'http://localhost:43471/session/24ddc0ab-3bb0-4179-8a1d-949414776b3e/element/be31b9c2-7930-4742-adbe-77b2b667d991/click'
15:48:01.390 [Forwarding clickElement on session 24ddc0ab-3bb0-4179-8a1d-949414776b3e to remote] DEBUG org.asynchttpclient.netty.request.NettyRequestSender - Using open Channel [id: 0x0e957712, L:/127.0.0.1:62564 - R:localhost/127.0.0.1:43471] for POST '/session/24ddc0ab-3bb0-4179-8a1d-949414776b3e/element/be31b9c2-7930-4742-adbe-77b2b667d991/click'
15:48:02.372 [AsyncHttpClient-1-2] DEBUG org.asynchttpclient.netty.handler.HttpHandler - 

Request DefaultHttpRequest(decodeResult: success, version: HTTP/1.1)
POST /session/24ddc0ab-3bb0-4179-8a1d-949414776b3e/element/be31b9c2-7930-4742-adbe-77b2b667d991/click HTTP/1.1
User-Agent: selenium/4.0.0-beta-4 (java windows)
Content-Length: 50
Content-Type: application/json; charset=utf-8
host: localhost:43471
accept: */*

Response DefaultHttpResponse(decodeResult: success, version: HTTP/1.1)
HTTP/1.1 200 OK
content-type: application/json; charset=utf-8
cache-control: no-cache
date: Sun, 05 Sep 2021 12:48:01 GMT
content-length: 14

15:48:02.372 [AsyncHttpClient-1-2] DEBUG org.asynchttpclient.netty.channel.ChannelManager - Adding key: http://localhost:43471 for channel [id: 0x0e957712, L:/127.0.0.1:62564 - R:localhost/127.0.0.1:43471]
15:48:02.374 [Forwarding findElement on session 24ddc0ab-3bb0-4179-8a1d-949414776b3e to remote] DEBUG org.asynchttpclient.netty.request.NettyRequestSender - Using pooled Channel '[id: 0x0e957712, L:/127.0.0.1:62564 - R:localhost/127.0.0.1:43471]' for 'POST' to 'http://localhost:43471/session/24ddc0ab-3bb0-4179-8a1d-949414776b3e/element'
15:48:02.374 [Forwarding findElement on session 24ddc0ab-3bb0-4179-8a1d-949414776b3e to remote] DEBUG org.asynchttpclient.netty.request.NettyRequestSender - Using open Channel [id: 0x0e957712, L:/127.0.0.1:62564 - R:localhost/127.0.0.1:43471] for POST '/session/24ddc0ab-3bb0-4179-8a1d-949414776b3e/element'
15:48:02.379 [AsyncHttpClient-1-2] DEBUG org.asynchttpclient.netty.handler.HttpHandler - 

Request DefaultHttpRequest(decodeResult: success, version: HTTP/1.1)
POST /session/24ddc0ab-3bb0-4179-8a1d-949414776b3e/element HTTP/1.1
User-Agent: selenium/4.0.0-beta-4 (java windows)
Content-Length: 68
Content-Type: application/json; charset=utf-8
host: localhost:43471
accept: */*

Response DefaultHttpResponse(decodeResult: success, version: HTTP/1.1)
HTTP/1.1 200 OK
content-type: application/json; charset=utf-8
cache-control: no-cache
date: Sun, 05 Sep 2021 12:48:02 GMT
content-length: 88

15:48:02.379 [AsyncHttpClient-1-2] DEBUG org.asynchttpclient.netty.channel.ChannelManager - Adding key: http://localhost:43471 for channel [id: 0x0e957712, L:/127.0.0.1:62564 - R:localhost/127.0.0.1:43471]
15:48:02.382 [Forwarding clickElement on session 24ddc0ab-3bb0-4179-8a1d-949414776b3e to remote] DEBUG org.asynchttpclient.netty.request.NettyRequestSender - Using pooled Channel '[id: 0x0e957712, L:/127.0.0.1:62564 - R:localhost/127.0.0.1:43471]' for 'POST' to 'http://localhost:43471/session/24ddc0ab-3bb0-4179-8a1d-949414776b3e/element/f7f9eb58-db89-4a2d-8433-a1533bc9383b/click'
15:48:02.382 [Forwarding clickElement on session 24ddc0ab-3bb0-4179-8a1d-949414776b3e to remote] DEBUG org.asynchttpclient.netty.request.NettyRequestSender - Using open Channel [id: 0x0e957712, L:/127.0.0.1:62564 - R:localhost/127.0.0.1:43471] for POST '/session/24ddc0ab-3bb0-4179-8a1d-949414776b3e/element/f7f9eb58-db89-4a2d-8433-a1533bc9383b/click'
15:48:02.909 [AsyncHttpClient-1-2] DEBUG org.asynchttpclient.netty.handler.HttpHandler - 

Request DefaultHttpRequest(decodeResult: success, version: HTTP/1.1)
POST /session/24ddc0ab-3bb0-4179-8a1d-949414776b3e/element/f7f9eb58-db89-4a2d-8433-a1533bc9383b/click HTTP/1.1
User-Agent: selenium/4.0.0-beta-4 (java windows)
Content-Length: 50
Content-Type: application/json; charset=utf-8
host: localhost:43471
accept: */*

Response DefaultHttpResponse(decodeResult: success, version: HTTP/1.1)
HTTP/1.1 200 OK
content-type: application/json; charset=utf-8
cache-control: no-cache
date: Sun, 05 Sep 2021 12:48:02 GMT
content-length: 14

15:48:02.909 [AsyncHttpClient-1-2] DEBUG org.asynchttpclient.netty.channel.ChannelManager - Adding key: http://localhost:43471 for channel [id: 0x0e957712, L:/127.0.0.1:62564 - R:localhost/127.0.0.1:43471]
15:48:02.923 [Forwarding findElement on session 24ddc0ab-3bb0-4179-8a1d-949414776b3e to remote] DEBUG org.asynchttpclient.netty.request.NettyRequestSender - Using pooled Channel '[id: 0x0e957712, L:/127.0.0.1:62564 - R:localhost/127.0.0.1:43471]' for 'POST' to 'http://localhost:43471/session/24ddc0ab-3bb0-4179-8a1d-949414776b3e/element'
15:48:02.924 [Forwarding findElement on session 24ddc0ab-3bb0-4179-8a1d-949414776b3e to remote] DEBUG org.asynchttpclient.netty.request.NettyRequestSender - Using open Channel [id: 0x0e957712, L:/127.0.0.1:62564 - R:localhost/127.0.0.1:43471] for POST '/session/24ddc0ab-3bb0-4179-8a1d-949414776b3e/element'
15:48:02.937 [AsyncHttpClient-1-2] DEBUG org.asynchttpclient.netty.handler.HttpHandler - 

Request DefaultHttpRequest(decodeResult: success, version: HTTP/1.1)
POST /session/24ddc0ab-3bb0-4179-8a1d-949414776b3e/element HTTP/1.1
User-Agent: selenium/4.0.0-beta-4 (java windows)
Content-Length: 118
Content-Type: application/json; charset=utf-8
host: localhost:43471
accept: */*

Response DefaultHttpResponse(decodeResult: success, version: HTTP/1.1)
HTTP/1.1 200 OK
content-type: application/json; charset=utf-8
cache-control: no-cache
date: Sun, 05 Sep 2021 12:48:02 GMT
content-length: 88

15:48:02.938 [AsyncHttpClient-1-2] DEBUG org.asynchttpclient.netty.channel.ChannelManager - Adding key: http://localhost:43471 for channel [id: 0x0e957712, L:/127.0.0.1:62564 - R:localhost/127.0.0.1:43471]
15:48:02.951 [Forwarding clickElement on session 24ddc0ab-3bb0-4179-8a1d-949414776b3e to remote] DEBUG org.asynchttpclient.netty.request.NettyRequestSender - Using pooled Channel '[id: 0x0e957712, L:/127.0.0.1:62564 - R:localhost/127.0.0.1:43471]' for 'POST' to 'http://localhost:43471/session/24ddc0ab-3bb0-4179-8a1d-949414776b3e/element/978e22f3-d582-45d7-8a5d-0627abbe54e1/click'
15:48:02.951 [Forwarding clickElement on session 24ddc0ab-3bb0-4179-8a1d-949414776b3e to remote] DEBUG org.asynchttpclient.netty.request.NettyRequestSender - Using open Channel [id: 0x0e957712, L:/127.0.0.1:62564 - R:localhost/127.0.0.1:43471] for POST '/session/24ddc0ab-3bb0-4179-8a1d-949414776b3e/element/978e22f3-d582-45d7-8a5d-0627abbe54e1/click'
15:48:03.363 [AsyncHttpClient-1-2] DEBUG org.asynchttpclient.netty.handler.HttpHandler - 

Request DefaultHttpRequest(decodeResult: success, version: HTTP/1.1)
POST /session/24ddc0ab-3bb0-4179-8a1d-949414776b3e/element/978e22f3-d582-45d7-8a5d-0627abbe54e1/click HTTP/1.1
User-Agent: selenium/4.0.0-beta-4 (java windows)
Content-Length: 50
Content-Type: application/json; charset=utf-8
host: localhost:43471
accept: */*

Response DefaultHttpResponse(decodeResult: success, version: HTTP/1.1)
HTTP/1.1 200 OK
content-type: application/json; charset=utf-8
cache-control: no-cache
date: Sun, 05 Sep 2021 12:48:02 GMT
content-length: 14

15:48:03.363 [AsyncHttpClient-1-2] DEBUG org.asynchttpclient.netty.channel.ChannelManager - Adding key: http://localhost:43471 for channel [id: 0x0e957712, L:/127.0.0.1:62564 - R:localhost/127.0.0.1:43471]
15:48:03.370 [Forwarding findElement on session 24ddc0ab-3bb0-4179-8a1d-949414776b3e to remote] DEBUG org.asynchttpclient.netty.request.NettyRequestSender - Using pooled Channel '[id: 0x0e957712, L:/127.0.0.1:62564 - R:localhost/127.0.0.1:43471]' for 'POST' to 'http://localhost:43471/session/24ddc0ab-3bb0-4179-8a1d-949414776b3e/element'
15:48:03.370 [Forwarding findElement on session 24ddc0ab-3bb0-4179-8a1d-949414776b3e to remote] DEBUG org.asynchttpclient.netty.request.NettyRequestSender - Using open Channel [id: 0x0e957712, L:/127.0.0.1:62564 - R:localhost/127.0.0.1:43471] for POST '/session/24ddc0ab-3bb0-4179-8a1d-949414776b3e/element'
15:48:03.401 [AsyncHttpClient-1-2] DEBUG org.asynchttpclient.netty.handler.HttpHandler - 

Request DefaultHttpRequest(decodeResult: success, version: HTTP/1.1)
POST /session/24ddc0ab-3bb0-4179-8a1d-949414776b3e/element HTTP/1.1
User-Agent: selenium/4.0.0-beta-4 (java windows)
Content-Length: 88
Content-Type: application/json; charset=utf-8
host: localhost:43471
accept: */*

Response DefaultHttpResponse(decodeResult: success, version: HTTP/1.1)
HTTP/1.1 200 OK
content-type: application/json; charset=utf-8
cache-control: no-cache
date: Sun, 05 Sep 2021 12:48:03 GMT
content-length: 88

15:48:03.402 [AsyncHttpClient-1-2] DEBUG org.asynchttpclient.netty.channel.ChannelManager - Adding key: http://localhost:43471 for channel [id: 0x0e957712, L:/127.0.0.1:62564 - R:localhost/127.0.0.1:43471]
15:48:03.405 [Forwarding clickElement on session 24ddc0ab-3bb0-4179-8a1d-949414776b3e to remote] DEBUG org.asynchttpclient.netty.request.NettyRequestSender - Using pooled Channel '[id: 0x0e957712, L:/127.0.0.1:62564 - R:localhost/127.0.0.1:43471]' for 'POST' to 'http://localhost:43471/session/24ddc0ab-3bb0-4179-8a1d-949414776b3e/element/0ec4e755-c6bc-4b6f-b694-36ff120480d4/click'
15:48:03.406 [Forwarding clickElement on session 24ddc0ab-3bb0-4179-8a1d-949414776b3e to remote] DEBUG org.asynchttpclient.netty.request.NettyRequestSender - Using open Channel [id: 0x0e957712, L:/127.0.0.1:62564 - R:localhost/127.0.0.1:43471] for POST '/session/24ddc0ab-3bb0-4179-8a1d-949414776b3e/element/0ec4e755-c6bc-4b6f-b694-36ff120480d4/click'
15:48:03.781 [AsyncHttpClient-1-2] DEBUG org.asynchttpclient.netty.handler.HttpHandler - 

Request DefaultHttpRequest(decodeResult: success, version: HTTP/1.1)
POST /session/24ddc0ab-3bb0-4179-8a1d-949414776b3e/element/0ec4e755-c6bc-4b6f-b694-36ff120480d4/click HTTP/1.1
User-Agent: selenium/4.0.0-beta-4 (java windows)
Content-Length: 50
Content-Type: application/json; charset=utf-8
host: localhost:43471
accept: */*

Response DefaultHttpResponse(decodeResult: success, version: HTTP/1.1)
HTTP/1.1 200 OK
content-type: application/json; charset=utf-8
cache-control: no-cache
date: Sun, 05 Sep 2021 12:48:03 GMT
content-length: 14

15:48:03.781 [AsyncHttpClient-1-2] DEBUG org.asynchttpclient.netty.channel.ChannelManager - Adding key: http://localhost:43471 for channel [id: 0x0e957712, L:/127.0.0.1:62564 - R:localhost/127.0.0.1:43471]
15:48:03.785 [Forwarding findElement on session 24ddc0ab-3bb0-4179-8a1d-949414776b3e to remote] DEBUG org.asynchttpclient.netty.request.NettyRequestSender - Using pooled Channel '[id: 0x0e957712, L:/127.0.0.1:62564 - R:localhost/127.0.0.1:43471]' for 'POST' to 'http://localhost:43471/session/24ddc0ab-3bb0-4179-8a1d-949414776b3e/element'
15:48:03.785 [Forwarding findElement on session 24ddc0ab-3bb0-4179-8a1d-949414776b3e to remote] DEBUG org.asynchttpclient.netty.request.NettyRequestSender - Using open Channel [id: 0x0e957712, L:/127.0.0.1:62564 - R:localhost/127.0.0.1:43471] for POST '/session/24ddc0ab-3bb0-4179-8a1d-949414776b3e/element'
15:48:03.796 [AsyncHttpClient-1-2] DEBUG org.asynchttpclient.netty.handler.HttpHandler - 

Request DefaultHttpRequest(decodeResult: success, version: HTTP/1.1)
POST /session/24ddc0ab-3bb0-4179-8a1d-949414776b3e/element HTTP/1.1
User-Agent: selenium/4.0.0-beta-4 (java windows)
Content-Length: 118
Content-Type: application/json; charset=utf-8
host: localhost:43471
accept: */*

Response DefaultHttpResponse(decodeResult: success, version: HTTP/1.1)
HTTP/1.1 200 OK
content-type: application/json; charset=utf-8
cache-control: no-cache
date: Sun, 05 Sep 2021 12:48:03 GMT
content-length: 88

15:48:03.796 [AsyncHttpClient-1-2] DEBUG org.asynchttpclient.netty.channel.ChannelManager - Adding key: http://localhost:43471 for channel [id: 0x0e957712, L:/127.0.0.1:62564 - R:localhost/127.0.0.1:43471]
15:48:03.801 [Forwarding clickElement on session 24ddc0ab-3bb0-4179-8a1d-949414776b3e to remote] DEBUG org.asynchttpclient.netty.request.NettyRequestSender - Using pooled Channel '[id: 0x0e957712, L:/127.0.0.1:62564 - R:localhost/127.0.0.1:43471]' for 'POST' to 'http://localhost:43471/session/24ddc0ab-3bb0-4179-8a1d-949414776b3e/element/b8b578b2-3c5b-4495-a927-86114d53bb25/click'
15:48:03.801 [Forwarding clickElement on session 24ddc0ab-3bb0-4179-8a1d-949414776b3e to remote] DEBUG org.asynchttpclient.netty.request.NettyRequestSender - Using open Channel [id: 0x0e957712, L:/127.0.0.1:62564 - R:localhost/127.0.0.1:43471] for POST '/session/24ddc0ab-3bb0-4179-8a1d-949414776b3e/element/b8b578b2-3c5b-4495-a927-86114d53bb25/click'
15:48:03.959 [org.subethamail.smtp.server.Session-/127.0.0.1:62674] DEBUG org.subethamail.smtp.server.Session - SMTP connection from 127.0.0.1/127.0.0.1, new connection count: 1
15:48:03.959 [org.subethamail.smtp.server.Session-/127.0.0.1:62674] DEBUG org.subethamail.smtp.server.Session - Server: 220 N-MSK-RUADMK3.raiffeisen.ru ESMTP SubEthaSMTP 3.1.7
15:48:03.959 [org.subethamail.smtp.server.Session-/127.0.0.1:62674] DEBUG org.subethamail.smtp.server.Session - Client: HELO N-MSK-RUADMK3.raiffeisen.ru
15:48:03.960 [org.subethamail.smtp.server.Session-/127.0.0.1:62674] DEBUG org.subethamail.smtp.server.Session - Server: 250 N-MSK-RUADMK3.raiffeisen.ru
15:48:03.960 [org.subethamail.smtp.server.Session-/127.0.0.1:62674] DEBUG org.subethamail.smtp.server.Session - Client: MAIL FROM:<admin@example.com>
15:48:03.966 [org.subethamail.smtp.server.Session-/127.0.0.1:62674] DEBUG org.subethamail.smtp.server.Session - Server: 250 Ok
15:48:03.967 [org.subethamail.smtp.server.Session-/127.0.0.1:62674] DEBUG org.subethamail.smtp.server.Session - Client: RCPT TO:<user1630658103790@localhost.localdomain>
15:48:03.967 [org.subethamail.smtp.server.Session-/127.0.0.1:62674] DEBUG org.subethamail.wiser.Wiser - Accepting mail from admin@example.com to user1630658103790@localhost.localdomain
15:48:03.967 [org.subethamail.smtp.server.Session-/127.0.0.1:62674] DEBUG org.subethamail.smtp.server.Session - Server: 250 Ok
15:48:03.967 [org.subethamail.smtp.server.Session-/127.0.0.1:62674] DEBUG org.subethamail.smtp.server.Session - Client: DATA
15:48:03.967 [org.subethamail.smtp.server.Session-/127.0.0.1:62674] DEBUG org.subethamail.smtp.server.Session - Server: 354 End data with <CR><LF>.<CR><LF>
15:48:03.974 [org.subethamail.smtp.server.Session-/127.0.0.1:62674] DEBUG org.subethamail.wiser.Wiser - Delivering mail from admin@example.com to user1630658103790@localhost.localdomain
15:48:03.975 [org.subethamail.smtp.server.Session-/127.0.0.1:62674] DEBUG org.subethamail.wiser.Wiser - Creating message from data with 1058 bytes
15:48:03.975 [org.subethamail.smtp.server.Session-/127.0.0.1:62674] DEBUG org.subethamail.smtp.server.Session - Server: 250 Ok
15:48:03.975 [org.subethamail.smtp.server.Session-/127.0.0.1:62674] DEBUG org.subethamail.smtp.server.Session - Client: QUIT
15:48:03.976 [org.subethamail.smtp.server.Session-/127.0.0.1:62674] DEBUG org.subethamail.smtp.server.Session - Server: 221 Bye
15:48:04.105 [AsyncHttpClient-1-2] DEBUG org.asynchttpclient.netty.handler.HttpHandler - 

Request DefaultHttpRequest(decodeResult: success, version: HTTP/1.1)
POST /session/24ddc0ab-3bb0-4179-8a1d-949414776b3e/element/b8b578b2-3c5b-4495-a927-86114d53bb25/click HTTP/1.1
User-Agent: selenium/4.0.0-beta-4 (java windows)
Content-Length: 50
Content-Type: application/json; charset=utf-8
host: localhost:43471
accept: */*

Response DefaultHttpResponse(decodeResult: success, version: HTTP/1.1)
HTTP/1.1 200 OK
content-type: application/json; charset=utf-8
cache-control: no-cache
date: Sun, 05 Sep 2021 12:48:03 GMT
content-length: 14

15:48:04.105 [AsyncHttpClient-1-2] DEBUG org.asynchttpclient.netty.channel.ChannelManager - Adding key: http://localhost:43471 for channel [id: 0x0e957712, L:/127.0.0.1:62564 - R:localhost/127.0.0.1:43471]
15:48:04.234 [Forwarding get on session 24ddc0ab-3bb0-4179-8a1d-949414776b3e to remote] DEBUG org.asynchttpclient.netty.request.NettyRequestSender - Using pooled Channel '[id: 0x0e957712, L:/127.0.0.1:62564 - R:localhost/127.0.0.1:43471]' for 'POST' to 'http://localhost:43471/session/24ddc0ab-3bb0-4179-8a1d-949414776b3e/url'
15:48:04.234 [Forwarding get on session 24ddc0ab-3bb0-4179-8a1d-949414776b3e to remote] DEBUG org.asynchttpclient.netty.request.NettyRequestSender - Using open Channel [id: 0x0e957712, L:/127.0.0.1:62564 - R:localhost/127.0.0.1:43471] for POST '/session/24ddc0ab-3bb0-4179-8a1d-949414776b3e/url'
15:48:04.810 [AsyncHttpClient-1-2] DEBUG org.asynchttpclient.netty.handler.HttpHandler - 

Request DefaultHttpRequest(decodeResult: success, version: HTTP/1.1)
POST /session/24ddc0ab-3bb0-4179-8a1d-949414776b3e/url HTTP/1.1
User-Agent: selenium/4.0.0-beta-4 (java windows)
Content-Length: 186
Content-Type: application/json; charset=utf-8
host: localhost:43471
accept: */*

Response DefaultHttpResponse(decodeResult: success, version: HTTP/1.1)
HTTP/1.1 200 OK
content-type: application/json; charset=utf-8
cache-control: no-cache
date: Sun, 05 Sep 2021 12:48:04 GMT
content-length: 14

15:48:04.810 [AsyncHttpClient-1-2] DEBUG org.asynchttpclient.netty.channel.ChannelManager - Adding key: http://localhost:43471 for channel [id: 0x0e957712, L:/127.0.0.1:62564 - R:localhost/127.0.0.1:43471]
15:48:04.810 [Forwarding findElement on session 24ddc0ab-3bb0-4179-8a1d-949414776b3e to remote] DEBUG org.asynchttpclient.netty.request.NettyRequestSender - Using pooled Channel '[id: 0x0e957712, L:/127.0.0.1:62564 - R:localhost/127.0.0.1:43471]' for 'POST' to 'http://localhost:43471/session/24ddc0ab-3bb0-4179-8a1d-949414776b3e/element'
15:48:04.810 [Forwarding findElement on session 24ddc0ab-3bb0-4179-8a1d-949414776b3e to remote] DEBUG org.asynchttpclient.netty.request.NettyRequestSender - Using open Channel [id: 0x0e957712, L:/127.0.0.1:62564 - R:localhost/127.0.0.1:43471] for POST '/session/24ddc0ab-3bb0-4179-8a1d-949414776b3e/element'
15:48:04.819 [AsyncHttpClient-1-2] DEBUG org.asynchttpclient.netty.handler.HttpHandler - 

Request DefaultHttpRequest(decodeResult: success, version: HTTP/1.1)
POST /session/24ddc0ab-3bb0-4179-8a1d-949414776b3e/element HTTP/1.1
User-Agent: selenium/4.0.0-beta-4 (java windows)
Content-Length: 62
Content-Type: application/json; charset=utf-8
host: localhost:43471
accept: */*

Response DefaultHttpResponse(decodeResult: success, version: HTTP/1.1)
HTTP/1.1 200 OK
content-type: application/json; charset=utf-8
cache-control: no-cache
date: Sun, 05 Sep 2021 12:48:04 GMT
content-length: 88

15:48:04.820 [AsyncHttpClient-1-2] DEBUG org.asynchttpclient.netty.channel.ChannelManager - Adding key: http://localhost:43471 for channel [id: 0x0e957712, L:/127.0.0.1:62564 - R:localhost/127.0.0.1:43471]
15:48:04.822 [Forwarding clickElement on session 24ddc0ab-3bb0-4179-8a1d-949414776b3e to remote] DEBUG org.asynchttpclient.netty.request.NettyRequestSender - Using pooled Channel '[id: 0x0e957712, L:/127.0.0.1:62564 - R:localhost/127.0.0.1:43471]' for 'POST' to 'http://localhost:43471/session/24ddc0ab-3bb0-4179-8a1d-949414776b3e/element/414a8456-82b8-4b59-8cb6-100395dd74b6/click'
15:48:04.822 [Forwarding clickElement on session 24ddc0ab-3bb0-4179-8a1d-949414776b3e to remote] DEBUG org.asynchttpclient.netty.request.NettyRequestSender - Using open Channel [id: 0x0e957712, L:/127.0.0.1:62564 - R:localhost/127.0.0.1:43471] for POST '/session/24ddc0ab-3bb0-4179-8a1d-949414776b3e/element/414a8456-82b8-4b59-8cb6-100395dd74b6/click'
15:48:05.069 [AsyncHttpClient-1-2] DEBUG org.asynchttpclient.netty.handler.HttpHandler - 

Request DefaultHttpRequest(decodeResult: success, version: HTTP/1.1)
POST /session/24ddc0ab-3bb0-4179-8a1d-949414776b3e/element/414a8456-82b8-4b59-8cb6-100395dd74b6/click HTTP/1.1
User-Agent: selenium/4.0.0-beta-4 (java windows)
Content-Length: 50
Content-Type: application/json; charset=utf-8
host: localhost:43471
accept: */*

Response DefaultHttpResponse(decodeResult: success, version: HTTP/1.1)
HTTP/1.1 200 OK
content-type: application/json; charset=utf-8
cache-control: no-cache
date: Sun, 05 Sep 2021 12:48:04 GMT
content-length: 14

15:48:05.069 [AsyncHttpClient-1-2] DEBUG org.asynchttpclient.netty.channel.ChannelManager - Adding key: http://localhost:43471 for channel [id: 0x0e957712, L:/127.0.0.1:62564 - R:localhost/127.0.0.1:43471]
15:48:05.069 [Forwarding findElement on session 24ddc0ab-3bb0-4179-8a1d-949414776b3e to remote] DEBUG org.asynchttpclient.netty.request.NettyRequestSender - Using pooled Channel '[id: 0x0e957712, L:/127.0.0.1:62564 - R:localhost/127.0.0.1:43471]' for 'POST' to 'http://localhost:43471/session/24ddc0ab-3bb0-4179-8a1d-949414776b3e/element'
15:48:05.069 [Forwarding findElement on session 24ddc0ab-3bb0-4179-8a1d-949414776b3e to remote] DEBUG org.asynchttpclient.netty.request.NettyRequestSender - Using open Channel [id: 0x0e957712, L:/127.0.0.1:62564 - R:localhost/127.0.0.1:43471] for POST '/session/24ddc0ab-3bb0-4179-8a1d-949414776b3e/element'
15:48:05.085 [AsyncHttpClient-1-2] DEBUG org.asynchttpclient.netty.handler.HttpHandler - 

Request DefaultHttpRequest(decodeResult: success, version: HTTP/1.1)
POST /session/24ddc0ab-3bb0-4179-8a1d-949414776b3e/element HTTP/1.1
User-Agent: selenium/4.0.0-beta-4 (java windows)
Content-Length: 62
Content-Type: application/json; charset=utf-8
host: localhost:43471
accept: */*

Response DefaultHttpResponse(decodeResult: success, version: HTTP/1.1)
HTTP/1.1 200 OK
content-type: application/json; charset=utf-8
cache-control: no-cache
date: Sun, 05 Sep 2021 12:48:05 GMT
content-length: 88

15:48:05.085 [AsyncHttpClient-1-2] DEBUG org.asynchttpclient.netty.channel.ChannelManager - Adding key: http://localhost:43471 for channel [id: 0x0e957712, L:/127.0.0.1:62564 - R:localhost/127.0.0.1:43471]
15:48:05.104 [Forwarding getElementAttribute on session 24ddc0ab-3bb0-4179-8a1d-949414776b3e to remote] DEBUG org.asynchttpclient.netty.request.NettyRequestSender - Using pooled Channel '[id: 0x0e957712, L:/127.0.0.1:62564 - R:localhost/127.0.0.1:43471]' for 'POST' to 'http://localhost:43471/session/24ddc0ab-3bb0-4179-8a1d-949414776b3e/execute/sync'
15:48:05.104 [Forwarding getElementAttribute on session 24ddc0ab-3bb0-4179-8a1d-949414776b3e to remote] DEBUG org.asynchttpclient.netty.request.NettyRequestSender - Using open Channel [id: 0x0e957712, L:/127.0.0.1:62564 - R:localhost/127.0.0.1:43471] for POST '/session/24ddc0ab-3bb0-4179-8a1d-949414776b3e/execute/sync'
15:48:05.120 [AsyncHttpClient-1-2] DEBUG org.asynchttpclient.netty.handler.HttpHandler - 

Request DefaultHttpRequest(decodeResult: success, version: HTTP/1.1)
POST /session/24ddc0ab-3bb0-4179-8a1d-949414776b3e/execute/sync HTTP/1.1
User-Agent: selenium/4.0.0-beta-4 (java windows)
Content-Length: 47304
Content-Type: application/json; charset=utf-8
host: localhost:43471
accept: */*

Response DefaultHttpResponse(decodeResult: success, version: HTTP/1.1)
HTTP/1.1 200 OK
content-type: application/json; charset=utf-8
cache-control: no-cache
date: Sun, 05 Sep 2021 12:48:05 GMT
content-length: 12

15:48:05.120 [AsyncHttpClient-1-2] DEBUG org.asynchttpclient.netty.channel.ChannelManager - Adding key: http://localhost:43471 for channel [id: 0x0e957712, L:/127.0.0.1:62564 - R:localhost/127.0.0.1:43471]
15:48:05.120 [Forwarding findElement on session 24ddc0ab-3bb0-4179-8a1d-949414776b3e to remote] DEBUG org.asynchttpclient.netty.request.NettyRequestSender - Using pooled Channel '[id: 0x0e957712, L:/127.0.0.1:62564 - R:localhost/127.0.0.1:43471]' for 'POST' to 'http://localhost:43471/session/24ddc0ab-3bb0-4179-8a1d-949414776b3e/element'
15:48:05.120 [Forwarding findElement on session 24ddc0ab-3bb0-4179-8a1d-949414776b3e to remote] DEBUG org.asynchttpclient.netty.request.NettyRequestSender - Using open Channel [id: 0x0e957712, L:/127.0.0.1:62564 - R:localhost/127.0.0.1:43471] for POST '/session/24ddc0ab-3bb0-4179-8a1d-949414776b3e/element'
15:48:05.135 [AsyncHttpClient-1-2] DEBUG org.asynchttpclient.netty.handler.HttpHandler - 

Request DefaultHttpRequest(decodeResult: success, version: HTTP/1.1)
POST /session/24ddc0ab-3bb0-4179-8a1d-949414776b3e/element HTTP/1.1
User-Agent: selenium/4.0.0-beta-4 (java windows)
Content-Length: 62
Content-Type: application/json; charset=utf-8
host: localhost:43471
accept: */*

Response DefaultHttpResponse(decodeResult: success, version: HTTP/1.1)
HTTP/1.1 200 OK
content-type: application/json; charset=utf-8
cache-control: no-cache
date: Sun, 05 Sep 2021 12:48:05 GMT
content-length: 88

15:48:05.135 [AsyncHttpClient-1-2] DEBUG org.asynchttpclient.netty.channel.ChannelManager - Adding key: http://localhost:43471 for channel [id: 0x0e957712, L:/127.0.0.1:62564 - R:localhost/127.0.0.1:43471]
15:48:05.135 [Forwarding clearElement on session 24ddc0ab-3bb0-4179-8a1d-949414776b3e to remote] DEBUG org.asynchttpclient.netty.request.NettyRequestSender - Using pooled Channel '[id: 0x0e957712, L:/127.0.0.1:62564 - R:localhost/127.0.0.1:43471]' for 'POST' to 'http://localhost:43471/session/24ddc0ab-3bb0-4179-8a1d-949414776b3e/element/414a8456-82b8-4b59-8cb6-100395dd74b6/clear'
15:48:05.135 [Forwarding clearElement on session 24ddc0ab-3bb0-4179-8a1d-949414776b3e to remote] DEBUG org.asynchttpclient.netty.request.NettyRequestSender - Using open Channel [id: 0x0e957712, L:/127.0.0.1:62564 - R:localhost/127.0.0.1:43471] for POST '/session/24ddc0ab-3bb0-4179-8a1d-949414776b3e/element/414a8456-82b8-4b59-8cb6-100395dd74b6/clear'
15:48:05.141 [AsyncHttpClient-1-2] DEBUG org.asynchttpclient.netty.handler.HttpHandler - 

Request DefaultHttpRequest(decodeResult: success, version: HTTP/1.1)
POST /session/24ddc0ab-3bb0-4179-8a1d-949414776b3e/element/414a8456-82b8-4b59-8cb6-100395dd74b6/clear HTTP/1.1
User-Agent: selenium/4.0.0-beta-4 (java windows)
Content-Length: 50
Content-Type: application/json; charset=utf-8
host: localhost:43471
accept: */*

Response DefaultHttpResponse(decodeResult: success, version: HTTP/1.1)
HTTP/1.1 200 OK
content-type: application/json; charset=utf-8
cache-control: no-cache
date: Sun, 05 Sep 2021 12:48:05 GMT
content-length: 14

15:48:05.141 [AsyncHttpClient-1-2] DEBUG org.asynchttpclient.netty.channel.ChannelManager - Adding key: http://localhost:43471 for channel [id: 0x0e957712, L:/127.0.0.1:62564 - R:localhost/127.0.0.1:43471]
15:48:05.141 [Forwarding findElement on session 24ddc0ab-3bb0-4179-8a1d-949414776b3e to remote] DEBUG org.asynchttpclient.netty.request.NettyRequestSender - Using pooled Channel '[id: 0x0e957712, L:/127.0.0.1:62564 - R:localhost/127.0.0.1:43471]' for 'POST' to 'http://localhost:43471/session/24ddc0ab-3bb0-4179-8a1d-949414776b3e/element'
15:48:05.141 [Forwarding findElement on session 24ddc0ab-3bb0-4179-8a1d-949414776b3e to remote] DEBUG org.asynchttpclient.netty.request.NettyRequestSender - Using open Channel [id: 0x0e957712, L:/127.0.0.1:62564 - R:localhost/127.0.0.1:43471] for POST '/session/24ddc0ab-3bb0-4179-8a1d-949414776b3e/element'
15:48:05.147 [AsyncHttpClient-1-2] DEBUG org.asynchttpclient.netty.handler.HttpHandler - 

Request DefaultHttpRequest(decodeResult: success, version: HTTP/1.1)
POST /session/24ddc0ab-3bb0-4179-8a1d-949414776b3e/element HTTP/1.1
User-Agent: selenium/4.0.0-beta-4 (java windows)
Content-Length: 62
Content-Type: application/json; charset=utf-8
host: localhost:43471
accept: */*

Response DefaultHttpResponse(decodeResult: success, version: HTTP/1.1)
HTTP/1.1 200 OK
content-type: application/json; charset=utf-8
cache-control: no-cache
date: Sun, 05 Sep 2021 12:48:05 GMT
content-length: 88

15:48:05.147 [AsyncHttpClient-1-2] DEBUG org.asynchttpclient.netty.channel.ChannelManager - Adding key: http://localhost:43471 for channel [id: 0x0e957712, L:/127.0.0.1:62564 - R:localhost/127.0.0.1:43471]
15:48:05.147 [Forwarding sendKeysToElement on session 24ddc0ab-3bb0-4179-8a1d-949414776b3e to remote] DEBUG org.asynchttpclient.netty.request.NettyRequestSender - Using pooled Channel '[id: 0x0e957712, L:/127.0.0.1:62564 - R:localhost/127.0.0.1:43471]' for 'POST' to 'http://localhost:43471/session/24ddc0ab-3bb0-4179-8a1d-949414776b3e/element/414a8456-82b8-4b59-8cb6-100395dd74b6/value'
15:48:05.147 [Forwarding sendKeysToElement on session 24ddc0ab-3bb0-4179-8a1d-949414776b3e to remote] DEBUG org.asynchttpclient.netty.request.NettyRequestSender - Using open Channel [id: 0x0e957712, L:/127.0.0.1:62564 - R:localhost/127.0.0.1:43471] for POST '/session/24ddc0ab-3bb0-4179-8a1d-949414776b3e/element/414a8456-82b8-4b59-8cb6-100395dd74b6/value'
15:48:05.163 [AsyncHttpClient-1-2] DEBUG org.asynchttpclient.netty.handler.HttpHandler - 

Request DefaultHttpRequest(decodeResult: success, version: HTTP/1.1)
POST /session/24ddc0ab-3bb0-4179-8a1d-949414776b3e/element/414a8456-82b8-4b59-8cb6-100395dd74b6/value HTTP/1.1
User-Agent: selenium/4.0.0-beta-4 (java windows)
Content-Length: 151
Content-Type: application/json; charset=utf-8
host: localhost:43471
accept: */*

Response DefaultHttpResponse(decodeResult: success, version: HTTP/1.1)
HTTP/1.1 200 OK
content-type: application/json; charset=utf-8
cache-control: no-cache
date: Sun, 05 Sep 2021 12:48:05 GMT
content-length: 14

15:48:05.163 [AsyncHttpClient-1-2] DEBUG org.asynchttpclient.netty.channel.ChannelManager - Adding key: http://localhost:43471 for channel [id: 0x0e957712, L:/127.0.0.1:62564 - R:localhost/127.0.0.1:43471]
15:48:05.163 [Forwarding findElement on session 24ddc0ab-3bb0-4179-8a1d-949414776b3e to remote] DEBUG org.asynchttpclient.netty.request.NettyRequestSender - Using pooled Channel '[id: 0x0e957712, L:/127.0.0.1:62564 - R:localhost/127.0.0.1:43471]' for 'POST' to 'http://localhost:43471/session/24ddc0ab-3bb0-4179-8a1d-949414776b3e/element'
15:48:05.163 [Forwarding findElement on session 24ddc0ab-3bb0-4179-8a1d-949414776b3e to remote] DEBUG org.asynchttpclient.netty.request.NettyRequestSender - Using open Channel [id: 0x0e957712, L:/127.0.0.1:62564 - R:localhost/127.0.0.1:43471] for POST '/session/24ddc0ab-3bb0-4179-8a1d-949414776b3e/element'
15:48:05.169 [AsyncHttpClient-1-2] DEBUG org.asynchttpclient.netty.handler.HttpHandler - 

Request DefaultHttpRequest(decodeResult: success, version: HTTP/1.1)
POST /session/24ddc0ab-3bb0-4179-8a1d-949414776b3e/element HTTP/1.1
User-Agent: selenium/4.0.0-beta-4 (java windows)
Content-Length: 70
Content-Type: application/json; charset=utf-8
host: localhost:43471
accept: */*

Response DefaultHttpResponse(decodeResult: success, version: HTTP/1.1)
HTTP/1.1 200 OK
content-type: application/json; charset=utf-8
cache-control: no-cache
date: Sun, 05 Sep 2021 12:48:05 GMT
content-length: 88

15:48:05.169 [AsyncHttpClient-1-2] DEBUG org.asynchttpclient.netty.channel.ChannelManager - Adding key: http://localhost:43471 for channel [id: 0x0e957712, L:/127.0.0.1:62564 - R:localhost/127.0.0.1:43471]
15:48:05.169 [Forwarding clickElement on session 24ddc0ab-3bb0-4179-8a1d-949414776b3e to remote] DEBUG org.asynchttpclient.netty.request.NettyRequestSender - Using pooled Channel '[id: 0x0e957712, L:/127.0.0.1:62564 - R:localhost/127.0.0.1:43471]' for 'POST' to 'http://localhost:43471/session/24ddc0ab-3bb0-4179-8a1d-949414776b3e/element/4a0022df-db5c-478a-ad05-7796fe739ca7/click'
15:48:05.169 [Forwarding clickElement on session 24ddc0ab-3bb0-4179-8a1d-949414776b3e to remote] DEBUG org.asynchttpclient.netty.request.NettyRequestSender - Using open Channel [id: 0x0e957712, L:/127.0.0.1:62564 - R:localhost/127.0.0.1:43471] for POST '/session/24ddc0ab-3bb0-4179-8a1d-949414776b3e/element/4a0022df-db5c-478a-ad05-7796fe739ca7/click'
15:48:05.385 [AsyncHttpClient-1-2] DEBUG org.asynchttpclient.netty.handler.HttpHandler - 

Request DefaultHttpRequest(decodeResult: success, version: HTTP/1.1)
POST /session/24ddc0ab-3bb0-4179-8a1d-949414776b3e/element/4a0022df-db5c-478a-ad05-7796fe739ca7/click HTTP/1.1
User-Agent: selenium/4.0.0-beta-4 (java windows)
Content-Length: 50
Content-Type: application/json; charset=utf-8
host: localhost:43471
accept: */*

Response DefaultHttpResponse(decodeResult: success, version: HTTP/1.1)
HTTP/1.1 200 OK
content-type: application/json; charset=utf-8
cache-control: no-cache
date: Sun, 05 Sep 2021 12:48:05 GMT
content-length: 14

15:48:05.385 [AsyncHttpClient-1-2] DEBUG org.asynchttpclient.netty.channel.ChannelManager - Adding key: http://localhost:43471 for channel [id: 0x0e957712, L:/127.0.0.1:62564 - R:localhost/127.0.0.1:43471]
15:48:05.385 [Forwarding findElement on session 24ddc0ab-3bb0-4179-8a1d-949414776b3e to remote] DEBUG org.asynchttpclient.netty.request.NettyRequestSender - Using pooled Channel '[id: 0x0e957712, L:/127.0.0.1:62564 - R:localhost/127.0.0.1:43471]' for 'POST' to 'http://localhost:43471/session/24ddc0ab-3bb0-4179-8a1d-949414776b3e/element'
15:48:05.385 [Forwarding findElement on session 24ddc0ab-3bb0-4179-8a1d-949414776b3e to remote] DEBUG org.asynchttpclient.netty.request.NettyRequestSender - Using open Channel [id: 0x0e957712, L:/127.0.0.1:62564 - R:localhost/127.0.0.1:43471] for POST '/session/24ddc0ab-3bb0-4179-8a1d-949414776b3e/element'
15:48:05.385 [AsyncHttpClient-1-2] DEBUG org.asynchttpclient.netty.handler.HttpHandler - 

Request DefaultHttpRequest(decodeResult: success, version: HTTP/1.1)
POST /session/24ddc0ab-3bb0-4179-8a1d-949414776b3e/element HTTP/1.1
User-Agent: selenium/4.0.0-beta-4 (java windows)
Content-Length: 70
Content-Type: application/json; charset=utf-8
host: localhost:43471
accept: */*

Response DefaultHttpResponse(decodeResult: success, version: HTTP/1.1)
HTTP/1.1 200 OK
content-type: application/json; charset=utf-8
cache-control: no-cache
date: Sun, 05 Sep 2021 12:48:05 GMT
content-length: 88

15:48:05.385 [AsyncHttpClient-1-2] DEBUG org.asynchttpclient.netty.channel.ChannelManager - Adding key: http://localhost:43471 for channel [id: 0x0e957712, L:/127.0.0.1:62564 - R:localhost/127.0.0.1:43471]
15:48:05.385 [Forwarding getElementAttribute on session 24ddc0ab-3bb0-4179-8a1d-949414776b3e to remote] DEBUG org.asynchttpclient.netty.request.NettyRequestSender - Using pooled Channel '[id: 0x0e957712, L:/127.0.0.1:62564 - R:localhost/127.0.0.1:43471]' for 'POST' to 'http://localhost:43471/session/24ddc0ab-3bb0-4179-8a1d-949414776b3e/execute/sync'
15:48:05.385 [Forwarding getElementAttribute on session 24ddc0ab-3bb0-4179-8a1d-949414776b3e to remote] DEBUG org.asynchttpclient.netty.request.NettyRequestSender - Using open Channel [id: 0x0e957712, L:/127.0.0.1:62564 - R:localhost/127.0.0.1:43471] for POST '/session/24ddc0ab-3bb0-4179-8a1d-949414776b3e/execute/sync'
15:48:05.400 [AsyncHttpClient-1-2] DEBUG org.asynchttpclient.netty.handler.HttpHandler - 

Request DefaultHttpRequest(decodeResult: success, version: HTTP/1.1)
POST /session/24ddc0ab-3bb0-4179-8a1d-949414776b3e/execute/sync HTTP/1.1
User-Agent: selenium/4.0.0-beta-4 (java windows)
Content-Length: 47304
Content-Type: application/json; charset=utf-8
host: localhost:43471
accept: */*

Response DefaultHttpResponse(decodeResult: success, version: HTTP/1.1)
HTTP/1.1 200 OK
content-type: application/json; charset=utf-8
cache-control: no-cache
date: Sun, 05 Sep 2021 12:48:05 GMT
content-length: 12

15:48:05.400 [AsyncHttpClient-1-2] DEBUG org.asynchttpclient.netty.channel.ChannelManager - Adding key: http://localhost:43471 for channel [id: 0x0e957712, L:/127.0.0.1:62564 - R:localhost/127.0.0.1:43471]
15:48:05.400 [Forwarding findElement on session 24ddc0ab-3bb0-4179-8a1d-949414776b3e to remote] DEBUG org.asynchttpclient.netty.request.NettyRequestSender - Using pooled Channel '[id: 0x0e957712, L:/127.0.0.1:62564 - R:localhost/127.0.0.1:43471]' for 'POST' to 'http://localhost:43471/session/24ddc0ab-3bb0-4179-8a1d-949414776b3e/element'
15:48:05.400 [Forwarding findElement on session 24ddc0ab-3bb0-4179-8a1d-949414776b3e to remote] DEBUG org.asynchttpclient.netty.request.NettyRequestSender - Using open Channel [id: 0x0e957712, L:/127.0.0.1:62564 - R:localhost/127.0.0.1:43471] for POST '/session/24ddc0ab-3bb0-4179-8a1d-949414776b3e/element'
15:48:05.424 [AsyncHttpClient-1-2] DEBUG org.asynchttpclient.netty.handler.HttpHandler - 

Request DefaultHttpRequest(decodeResult: success, version: HTTP/1.1)
POST /session/24ddc0ab-3bb0-4179-8a1d-949414776b3e/element HTTP/1.1
User-Agent: selenium/4.0.0-beta-4 (java windows)
Content-Length: 70
Content-Type: application/json; charset=utf-8
host: localhost:43471
accept: */*

Response DefaultHttpResponse(decodeResult: success, version: HTTP/1.1)
HTTP/1.1 200 OK
content-type: application/json; charset=utf-8
cache-control: no-cache
date: Sun, 05 Sep 2021 12:48:05 GMT
content-length: 88

15:48:05.424 [AsyncHttpClient-1-2] DEBUG org.asynchttpclient.netty.channel.ChannelManager - Adding key: http://localhost:43471 for channel [id: 0x0e957712, L:/127.0.0.1:62564 - R:localhost/127.0.0.1:43471]
15:48:05.425 [Forwarding clearElement on session 24ddc0ab-3bb0-4179-8a1d-949414776b3e to remote] DEBUG org.asynchttpclient.netty.request.NettyRequestSender - Using pooled Channel '[id: 0x0e957712, L:/127.0.0.1:62564 - R:localhost/127.0.0.1:43471]' for 'POST' to 'http://localhost:43471/session/24ddc0ab-3bb0-4179-8a1d-949414776b3e/element/4a0022df-db5c-478a-ad05-7796fe739ca7/clear'
15:48:05.426 [Forwarding clearElement on session 24ddc0ab-3bb0-4179-8a1d-949414776b3e to remote] DEBUG org.asynchttpclient.netty.request.NettyRequestSender - Using open Channel [id: 0x0e957712, L:/127.0.0.1:62564 - R:localhost/127.0.0.1:43471] for POST '/session/24ddc0ab-3bb0-4179-8a1d-949414776b3e/element/4a0022df-db5c-478a-ad05-7796fe739ca7/clear'
15:48:05.429 [AsyncHttpClient-1-2] DEBUG org.asynchttpclient.netty.handler.HttpHandler - 

Request DefaultHttpRequest(decodeResult: success, version: HTTP/1.1)
POST /session/24ddc0ab-3bb0-4179-8a1d-949414776b3e/element/4a0022df-db5c-478a-ad05-7796fe739ca7/clear HTTP/1.1
User-Agent: selenium/4.0.0-beta-4 (java windows)
Content-Length: 50
Content-Type: application/json; charset=utf-8
host: localhost:43471
accept: */*

Response DefaultHttpResponse(decodeResult: success, version: HTTP/1.1)
HTTP/1.1 200 OK
content-type: application/json; charset=utf-8
cache-control: no-cache
date: Sun, 05 Sep 2021 12:48:05 GMT
content-length: 14

15:48:05.429 [AsyncHttpClient-1-2] DEBUG org.asynchttpclient.netty.channel.ChannelManager - Adding key: http://localhost:43471 for channel [id: 0x0e957712, L:/127.0.0.1:62564 - R:localhost/127.0.0.1:43471]
15:48:05.430 [Forwarding findElement on session 24ddc0ab-3bb0-4179-8a1d-949414776b3e to remote] DEBUG org.asynchttpclient.netty.request.NettyRequestSender - Using pooled Channel '[id: 0x0e957712, L:/127.0.0.1:62564 - R:localhost/127.0.0.1:43471]' for 'POST' to 'http://localhost:43471/session/24ddc0ab-3bb0-4179-8a1d-949414776b3e/element'
15:48:05.430 [Forwarding findElement on session 24ddc0ab-3bb0-4179-8a1d-949414776b3e to remote] DEBUG org.asynchttpclient.netty.request.NettyRequestSender - Using open Channel [id: 0x0e957712, L:/127.0.0.1:62564 - R:localhost/127.0.0.1:43471] for POST '/session/24ddc0ab-3bb0-4179-8a1d-949414776b3e/element'
15:48:05.431 [AsyncHttpClient-1-2] DEBUG org.asynchttpclient.netty.handler.HttpHandler - 

Request DefaultHttpRequest(decodeResult: success, version: HTTP/1.1)
POST /session/24ddc0ab-3bb0-4179-8a1d-949414776b3e/element HTTP/1.1
User-Agent: selenium/4.0.0-beta-4 (java windows)
Content-Length: 70
Content-Type: application/json; charset=utf-8
host: localhost:43471
accept: */*

Response DefaultHttpResponse(decodeResult: success, version: HTTP/1.1)
HTTP/1.1 200 OK
content-type: application/json; charset=utf-8
cache-control: no-cache
date: Sun, 05 Sep 2021 12:48:05 GMT
content-length: 88

15:48:05.431 [AsyncHttpClient-1-2] DEBUG org.asynchttpclient.netty.channel.ChannelManager - Adding key: http://localhost:43471 for channel [id: 0x0e957712, L:/127.0.0.1:62564 - R:localhost/127.0.0.1:43471]
15:48:05.431 [Forwarding sendKeysToElement on session 24ddc0ab-3bb0-4179-8a1d-949414776b3e to remote] DEBUG org.asynchttpclient.netty.request.NettyRequestSender - Using pooled Channel '[id: 0x0e957712, L:/127.0.0.1:62564 - R:localhost/127.0.0.1:43471]' for 'POST' to 'http://localhost:43471/session/24ddc0ab-3bb0-4179-8a1d-949414776b3e/element/4a0022df-db5c-478a-ad05-7796fe739ca7/value'
15:48:05.431 [Forwarding sendKeysToElement on session 24ddc0ab-3bb0-4179-8a1d-949414776b3e to remote] DEBUG org.asynchttpclient.netty.request.NettyRequestSender - Using open Channel [id: 0x0e957712, L:/127.0.0.1:62564 - R:localhost/127.0.0.1:43471] for POST '/session/24ddc0ab-3bb0-4179-8a1d-949414776b3e/element/4a0022df-db5c-478a-ad05-7796fe739ca7/value'
15:48:05.431 [AsyncHttpClient-1-2] DEBUG org.asynchttpclient.netty.handler.HttpHandler - 

Request DefaultHttpRequest(decodeResult: success, version: HTTP/1.1)
POST /session/24ddc0ab-3bb0-4179-8a1d-949414776b3e/element/4a0022df-db5c-478a-ad05-7796fe739ca7/value HTTP/1.1
User-Agent: selenium/4.0.0-beta-4 (java windows)
Content-Length: 151
Content-Type: application/json; charset=utf-8
host: localhost:43471
accept: */*

Response DefaultHttpResponse(decodeResult: success, version: HTTP/1.1)
HTTP/1.1 200 OK
content-type: application/json; charset=utf-8
cache-control: no-cache
date: Sun, 05 Sep 2021 12:48:05 GMT
content-length: 14

15:48:05.431 [AsyncHttpClient-1-2] DEBUG org.asynchttpclient.netty.channel.ChannelManager - Adding key: http://localhost:43471 for channel [id: 0x0e957712, L:/127.0.0.1:62564 - R:localhost/127.0.0.1:43471]
15:48:05.446 [Forwarding findElement on session 24ddc0ab-3bb0-4179-8a1d-949414776b3e to remote] DEBUG org.asynchttpclient.netty.request.NettyRequestSender - Using pooled Channel '[id: 0x0e957712, L:/127.0.0.1:62564 - R:localhost/127.0.0.1:43471]' for 'POST' to 'http://localhost:43471/session/24ddc0ab-3bb0-4179-8a1d-949414776b3e/element'
15:48:05.446 [Forwarding findElement on session 24ddc0ab-3bb0-4179-8a1d-949414776b3e to remote] DEBUG org.asynchttpclient.netty.request.NettyRequestSender - Using open Channel [id: 0x0e957712, L:/127.0.0.1:62564 - R:localhost/127.0.0.1:43471] for POST '/session/24ddc0ab-3bb0-4179-8a1d-949414776b3e/element'
15:48:05.446 [AsyncHttpClient-1-2] DEBUG org.asynchttpclient.netty.handler.HttpHandler - 

Request DefaultHttpRequest(decodeResult: success, version: HTTP/1.1)
POST /session/24ddc0ab-3bb0-4179-8a1d-949414776b3e/element HTTP/1.1
User-Agent: selenium/4.0.0-beta-4 (java windows)
Content-Length: 126
Content-Type: application/json; charset=utf-8
host: localhost:43471
accept: */*

Response DefaultHttpResponse(decodeResult: success, version: HTTP/1.1)
HTTP/1.1 200 OK
content-type: application/json; charset=utf-8
cache-control: no-cache
date: Sun, 05 Sep 2021 12:48:05 GMT
content-length: 88

15:48:05.446 [AsyncHttpClient-1-2] DEBUG org.asynchttpclient.netty.channel.ChannelManager - Adding key: http://localhost:43471 for channel [id: 0x0e957712, L:/127.0.0.1:62564 - R:localhost/127.0.0.1:43471]
15:48:05.446 [Forwarding clickElement on session 24ddc0ab-3bb0-4179-8a1d-949414776b3e to remote] DEBUG org.asynchttpclient.netty.request.NettyRequestSender - Using pooled Channel '[id: 0x0e957712, L:/127.0.0.1:62564 - R:localhost/127.0.0.1:43471]' for 'POST' to 'http://localhost:43471/session/24ddc0ab-3bb0-4179-8a1d-949414776b3e/element/7b84dd8c-aa3d-470d-9c4e-6fd193ac3cfe/click'
15:48:05.446 [Forwarding clickElement on session 24ddc0ab-3bb0-4179-8a1d-949414776b3e to remote] DEBUG org.asynchttpclient.netty.request.NettyRequestSender - Using open Channel [id: 0x0e957712, L:/127.0.0.1:62564 - R:localhost/127.0.0.1:43471] for POST '/session/24ddc0ab-3bb0-4179-8a1d-949414776b3e/element/7b84dd8c-aa3d-470d-9c4e-6fd193ac3cfe/click'
15:48:05.817 [AsyncHttpClient-1-2] DEBUG org.asynchttpclient.netty.handler.HttpHandler - 

Request DefaultHttpRequest(decodeResult: success, version: HTTP/1.1)
POST /session/24ddc0ab-3bb0-4179-8a1d-949414776b3e/element/7b84dd8c-aa3d-470d-9c4e-6fd193ac3cfe/click HTTP/1.1
User-Agent: selenium/4.0.0-beta-4 (java windows)
Content-Length: 50
Content-Type: application/json; charset=utf-8
host: localhost:43471
accept: */*

Response DefaultHttpResponse(decodeResult: success, version: HTTP/1.1)
HTTP/1.1 200 OK
content-type: application/json; charset=utf-8
cache-control: no-cache
date: Sun, 05 Sep 2021 12:48:05 GMT
content-length: 14

15:48:05.817 [AsyncHttpClient-1-2] DEBUG org.asynchttpclient.netty.channel.ChannelManager - Adding key: http://localhost:43471 for channel [id: 0x0e957712, L:/127.0.0.1:62564 - R:localhost/127.0.0.1:43471]
15:48:06.171 [AsyncHttpClient-1-1] DEBUG org.asynchttpclient.netty.channel.DefaultChannelPool - Entry count for : http://localhost:43471 : 1
15:48:07.273 [AsyncHttpClient-1-1] DEBUG org.asynchttpclient.netty.channel.DefaultChannelPool - Entry count for : http://localhost:43471 : 1
15:48:07.411 [Test worker] INFO org.subethamail.smtp.server.SMTPServer - SMTP server *:25 stopping
15:48:07.411 [Test worker] DEBUG org.subethamail.smtp.server.ServerThread - SMTP Server socket shut down
15:48:07.411 [org.subethamail.smtp.server.ServerThread *:25] INFO org.subethamail.smtp.server.ServerThread - SMTP server *:25 stopped
]]></system-out>
  <system-err><![CDATA[1630846075526	geckodriver	INFO	Listening on 127.0.0.1:43471
1630846076165	mozrunner::runner	INFO	Running command: "C:\\Program Files\\Mozilla Firefox\\firefox.exe" "--marionette" "--remote-debugging-port" "0" "-foreground" "-no-remote" "-profile" "C:\\Users\\ruadmk3\\AppData\\Local\\Temp\\rust_mozprofileQSDAls"
console.error: JsonSchemaValidator.jsm: 
  Ignoring parameter "https://addons.mozilla.org/firefox/downloads/file/3448508/saml_tracer-1.6-an+fx.xpi?src=dp-btn-primary" - origin was expected but received full URL.
console.error: JsonSchemaValidator.jsm: 
  Ignoring parameter "https://armbio-test-app.raiffeisen.ru/armb/views/equipment_test" - origin was expected but received full URL.
console.error: JsonSchemaValidator.jsm: 
  Ignoring parameter "https://armbio-test-app.raiffeisen.ru/armb/*" - origin was expected but received full URL.
console.error: JsonSchemaValidator.jsm: 
  Ignoring parameter "http://armbio-test-app.raiffeisen.ru/armb/*" - origin was expected but received full URL.
console.error: JsonSchemaValidator.jsm: 
  Ignoring parameter "https://armbio-test-app.raiffeisen.ru/armb/views/equipment_test" - origin was expected but received full URL.
console.error: JsonSchemaValidator.jsm: 
  Ignoring parameter "https://armbio-test-app.raiffeisen.ru/armb/*" - origin was expected but received full URL.
console.warn: SearchSettings: "get: No settings file exists, new profile?" (new Error("", "(unknown module)"))
1630846078158	Marionette	INFO	Listening on port 62565
1630846078635	Marionette	WARN	TLS certificate errors will be ignored for this session
Sep 05, 2021 3:47:58 PM org.openqa.selenium.remote.ProtocolHandshake createSession
INFO: Detected dialect: W3C
]]></system-err>
</testsuite>
