<?xml version="1.0" encoding="UTF-8"?>
<testsuite name="ru.stqa.pft.mantis.tests.SoapTests" tests="1" skipped="0" failures="0" errors="0" timestamp="2021-08-31T12:25:14" hostname="N-MSK-RUADMK3" time="0.681">
  <properties/>
  <testcase name="testGetProjects" classname="ru.stqa.pft.mantis.tests.SoapTests" time="0.681"/>
  <system-out><![CDATA[0
]]></system-out>
  <system-err><![CDATA[]]></system-err>
</testsuite>
