<?xml version="1.0" encoding="UTF-8"?>
<testsuite name="ru.stqa.pft.mantis.tests.SoapTests" tests="1" skipped="0" failures="0" errors="0" timestamp="2021-08-31T20:36:34" hostname="N-MSK-RUADMK3" time="48.938">
  <properties/>
  <testcase name="testGetIssues" classname="ru.stqa.pft.mantis.tests.SoapTests" time="48.938"/>
  <system-out><![CDATA[23:37:09.983 [Hibernate Connection Pool Validation Thread] DEBUG org.hibernate.engine.jdbc.connections.internal.DriverManagerConnectionProviderImpl - Connection pool now considered primed; min-size will be maintained
7
7
6
5
1
4
3
2
]]></system-out>
  <system-err><![CDATA[]]></system-err>
</testsuite>
