<?xml version="1.0" encoding="UTF-8"?>
<testsuite name="ru.stqa.pft.mantis.tests.SoapTests" tests="1" skipped="0" failures="0" errors="0" timestamp="2021-09-01T15:09:56" hostname="N-MSK-RUADMK3" time="0.0">
  <properties/>
  <testcase name="testBeforeCheckStatus" classname="ru.stqa.pft.mantis.tests.SoapTests" time="0.0"/>
  <system-out><![CDATA[test pass! task id = 10 status not closed!
]]></system-out>
  <system-err><![CDATA[]]></system-err>
</testsuite>
