<?xml version="1.0" encoding="UTF-8"?>
<testsuite name="ru.stqa.pft.addressbook.tests.ContactDeletionTests" tests="1" skipped="1" failures="0" errors="0" timestamp="2021-09-02T10:56:36" hostname="N-MSK-RUADMK3" time="0.0">
  <properties/>
  <testcase name="pageContactDeletion" classname="ru.stqa.pft.addressbook.tests.ContactDeletionTests" time="0.0">
    <skipped/>
  </testcase>
  <system-out><![CDATA[]]></system-out>
  <system-err><![CDATA[]]></system-err>
</testsuite>
