<?xml version="1.0" encoding="UTF-8"?>
<testsuite name="ru.stqa.pft.rest.tests.RestTests" tests="1" skipped="0" failures="0" errors="0" timestamp="2021-09-05T19:28:39" hostname="N-MSK-RUADMK3" time="3.096">
  <properties/>
  <testcase name="testCreateIssue" classname="ru.stqa.pft.rest.tests.RestTests" time="3.096"/>
  <system-out><![CDATA[]]></system-out>
  <system-err><![CDATA[]]></system-err>
</testsuite>
