<?xml version="1.0" encoding="UTF-8"?>
<testsuite name="ru.stqa.pft.addressbook.tests.ContactCreationTests" tests="2" skipped="0" failures="0" errors="0" timestamp="2021-08-10T16:23:01" hostname="N-MSK-RUADMK3" time="6.623">
  <properties/>
  <testcase name="pageAddNewContact[0](ContactData{id=2147483647, firstName='FirstName', lastName='LastName', homePhone='null', mobilePhone='null', workPhone='null'})" classname="ru.stqa.pft.addressbook.tests.ContactCreationTests" time="3.493"/>
  <testcase name="pageAddNewContact[1](ContactData{id=2147483647, firstName='FirstName', lastName='LastName', homePhone='null', mobilePhone='null', workPhone='null'})" classname="ru.stqa.pft.addressbook.tests.ContactCreationTests" time="3.129"/>
  <system-out><![CDATA[]]></system-out>
  <system-err><![CDATA[]]></system-err>
</testsuite>
