<?xml version="1.0" encoding="UTF-8"?>
<testsuite name="ru.stqa.pft.addressbook.tests.ContactPhoneMailAddressTests" tests="1" skipped="0" failures="0" errors="0" timestamp="2021-09-02T11:54:54" hostname="N-MSK-RUADMK3" time="0.779">
  <properties/>
  <testcase name="testContactPhones" classname="ru.stqa.pft.addressbook.tests.ContactPhoneMailAddressTests" time="0.779"/>
  <system-out><![CDATA[]]></system-out>
  <system-err><![CDATA[]]></system-err>
</testsuite>
