<?xml version="1.0" encoding="UTF-8"?>
<testsuite name="ru.stqa.pft.addressbook.tests.GroupCreationTests" tests="5" skipped="0" failures="0" errors="0" timestamp="2021-08-11T14:34:18" hostname="N-MSK-RUADMK3" time="14.454">
  <properties/>
  <testcase name="testGroupCreation[0](GroupData{id='0', name='test 0'})" classname="ru.stqa.pft.addressbook.tests.GroupCreationTests" time="3.557"/>
  <testcase name="testGroupCreation[1](GroupData{id='0', name='test 1'})" classname="ru.stqa.pft.addressbook.tests.GroupCreationTests" time="2.766"/>
  <testcase name="testGroupCreation[2](GroupData{id='0', name='test 2'})" classname="ru.stqa.pft.addressbook.tests.GroupCreationTests" time="2.67"/>
  <testcase name="testGroupCreation[3](GroupData{id='0', name='test 3'})" classname="ru.stqa.pft.addressbook.tests.GroupCreationTests" time="2.723"/>
  <testcase name="testGroupCreation[4](GroupData{id='0', name='test 4'})" classname="ru.stqa.pft.addressbook.tests.GroupCreationTests" time="2.736"/>
  <system-out><![CDATA[]]></system-out>
  <system-err><![CDATA[Security framework of XStream not explicitly initialized, using predefined black list on your own risk.
]]></system-err>
</testsuite>
