<?xml version="1.0" encoding="UTF-8"?>
<testsuite name="ru.stqa.pft.addressbook.tests.ContactModificationTests" tests="1" skipped="0" failures="0" errors="0" timestamp="2021-07-29T08:23:00" hostname="N-MSK-RUADMK3" time="5.633">
  <properties/>
  <testcase name="pageContactModification" classname="ru.stqa.pft.addressbook.tests.ContactModificationTests" time="5.633"/>
  <system-out><![CDATA[]]></system-out>
  <system-err><![CDATA[SLF4J: Failed to load class "org.slf4j.impl.StaticLoggerBinder".
SLF4J: Defaulting to no-operation (NOP) logger implementation
SLF4J: See http://www.slf4j.org/codes.html#StaticLoggerBinder for further details.
1627546976319	geckodriver	INFO	Listening on 127.0.0.1:27686
1627546976952	mozrunner::runner	INFO	Running command: "C:\\Program Files\\Mozilla Firefox\\firefox.exe" "--marionette" "--remote-debugging-port" "0" "-foreground" "-no-remote" "-profile" "C:\\Users\\ruadmk3\\AppData\\Local\\Temp\\rust_mozprofileKMQtdz"
console.error: JsonSchemaValidator.jsm: 
  Ignoring parameter "https://addons.mozilla.org/firefox/downloads/file/3448508/saml_tracer-1.6-an+fx.xpi?src=dp-btn-primary" - origin was expected but received full URL.
console.error: JsonSchemaValidator.jsm: 
  Ignoring parameter "https://armbio-test-app.raiffeisen.ru/armb/views/equipment_test" - origin was expected but received full URL.
console.error: JsonSchemaValidator.jsm: 
  Ignoring parameter "https://armbio-test-app.raiffeisen.ru/armb/*" - origin was expected but received full URL.
console.error: JsonSchemaValidator.jsm: 
  Ignoring parameter "http://armbio-test-app.raiffeisen.ru/armb/*" - origin was expected but received full URL.
console.error: JsonSchemaValidator.jsm: 
  Ignoring parameter "https://armbio-test-app.raiffeisen.ru/armb/views/equipment_test" - origin was expected but received full URL.
console.error: JsonSchemaValidator.jsm: 
  Ignoring parameter "https://armbio-test-app.raiffeisen.ru/armb/*" - origin was expected but received full URL.
console.warn: SearchSettings: "get: No settings file exists, new profile?" (new Error("", "(unknown module)"))
1627546979076	Marionette	INFO	Listening on port 62252
1627546979133	Marionette	WARN	TLS certificate errors will be ignored for this session
Jul 29, 2021 11:22:59 AM org.openqa.selenium.remote.ProtocolHandshake createSession
INFO: Detected dialect: W3C
1627546986216	Marionette	INFO	Stopped listening on port 62252

###!!! [Child][RunMessage] Error: Channel closing: too late to send/recv, messages will be lost

]]></system-err>
</testsuite>
