<?xml version="1.0" encoding="UTF-8"?>
<testsuite name="ru.stqa.pft.addressbook.tests.DBConnectionTest" tests="1" skipped="0" failures="0" errors="0" timestamp="2021-09-02T11:54:55" hostname="N-MSK-RUADMK3" time="0.02">
  <properties/>
  <testcase name="testDBConnection" classname="ru.stqa.pft.addressbook.tests.DBConnectionTest" time="0.02"/>
  <system-out><![CDATA[[GroupData{id='98', name='test1'}, GroupData{id='96', name='test M'}]
]]></system-out>
  <system-err><![CDATA[]]></system-err>
</testsuite>
