<?xml version="1.0" encoding="UTF-8"?>
<testsuite name="ru.stqa.pft.addressbook.tests.ContactModificationTests" tests="1" skipped="0" failures="0" errors="0" timestamp="2021-08-05T15:03:14" hostname="N-MSK-RUADMK3" time="4.148">
  <properties/>
  <testcase name="pageContactModification" classname="ru.stqa.pft.addressbook.tests.ContactModificationTests" time="4.148"/>
  <system-out><![CDATA[]]></system-out>
  <system-err><![CDATA[]]></system-err>
</testsuite>
