<?xml version="1.0" encoding="UTF-8"?>
<testsuite name="ru.stqa.pft.addressbook.tests.ContactCreationTests" tests="1" skipped="0" failures="0" errors="0" timestamp="2021-08-10T13:22:33" hostname="N-MSK-RUADMK3" time="3.244">
  <properties/>
  <testcase name="pageAddNewBadContact" classname="ru.stqa.pft.addressbook.tests.ContactCreationTests" time="3.244"/>
  <system-out><![CDATA[]]></system-out>
  <system-err><![CDATA[]]></system-err>
</testsuite>
