<?xml version="1.0" encoding="UTF-8"?>
<testsuite name="ru.stqa.pft.addressbook.tests.GroupCreationTests" tests="4" skipped="0" failures="0" errors="0" timestamp="2021-08-10T15:19:10" hostname="N-MSK-RUADMK3" time="6.321">
  <properties/>
  <testcase name="testBadGroupCreation" classname="ru.stqa.pft.addressbook.tests.GroupCreationTests" time="1.607"/>
  <testcase name="testGroupCreation[0](GroupData{id='2147483647', name='test1'})" classname="ru.stqa.pft.addressbook.tests.GroupCreationTests" time="1.571"/>
  <testcase name="testGroupCreation[1](GroupData{id='2147483647', name='test2'})" classname="ru.stqa.pft.addressbook.tests.GroupCreationTests" time="1.476"/>
  <testcase name="testGroupCreation[2](GroupData{id='2147483647', name='test3'})" classname="ru.stqa.pft.addressbook.tests.GroupCreationTests" time="1.663"/>
  <system-out><![CDATA[]]></system-out>
  <system-err><![CDATA[]]></system-err>
</testsuite>
