<?xml version="1.0" encoding="UTF-8"?>
<testsuite name="ru.stqa.pft.addressbook.tests.ContactDeletionTests" tests="1" skipped="0" failures="0" errors="0" timestamp="2021-08-02T14:48:20" hostname="N-MSK-RUADMK3" time="3.684">
  <properties/>
  <testcase name="pageContactDeletion" classname="ru.stqa.pft.addressbook.tests.ContactDeletionTests" time="3.684"/>
  <system-out><![CDATA[]]></system-out>
  <system-err><![CDATA[]]></system-err>
</testsuite>
