<?xml version="1.0" encoding="UTF-8"?>
<testsuite name="ru.stqa.pft.addressbook.tests.GroupCreationTests" tests="11" skipped="0" failures="0" errors="0" timestamp="2021-08-11T10:47:40" hostname="N-MSK-RUADMK3" time="25.482">
  <properties/>
  <testcase name="testBadGroupCreation" classname="ru.stqa.pft.addressbook.tests.GroupCreationTests" time="3.076"/>
  <testcase name="testGroupCreation[0](GroupData{id='2147483647', name='test 0'})" classname="ru.stqa.pft.addressbook.tests.GroupCreationTests" time="2.372"/>
  <testcase name="testGroupCreation[1](GroupData{id='2147483647', name='test 1'})" classname="ru.stqa.pft.addressbook.tests.GroupCreationTests" time="2.21"/>
  <testcase name="testGroupCreation[2](GroupData{id='2147483647', name='test 2'})" classname="ru.stqa.pft.addressbook.tests.GroupCreationTests" time="2.169"/>
  <testcase name="testGroupCreation[3](GroupData{id='2147483647', name='test 3'})" classname="ru.stqa.pft.addressbook.tests.GroupCreationTests" time="2.501"/>
  <testcase name="testGroupCreation[4](GroupData{id='2147483647', name='test 4'})" classname="ru.stqa.pft.addressbook.tests.GroupCreationTests" time="2.405"/>
  <testcase name="testGroupCreation[5](GroupData{id='2147483647', name='test 5'})" classname="ru.stqa.pft.addressbook.tests.GroupCreationTests" time="2.083"/>
  <testcase name="testGroupCreation[6](GroupData{id='2147483647', name='test 6'})" classname="ru.stqa.pft.addressbook.tests.GroupCreationTests" time="2.177"/>
  <testcase name="testGroupCreation[7](GroupData{id='2147483647', name='test 7'})" classname="ru.stqa.pft.addressbook.tests.GroupCreationTests" time="2.092"/>
  <testcase name="testGroupCreation[8](GroupData{id='2147483647', name='test 8'})" classname="ru.stqa.pft.addressbook.tests.GroupCreationTests" time="2.261"/>
  <testcase name="testGroupCreation[9](GroupData{id='2147483647', name='test 9'})" classname="ru.stqa.pft.addressbook.tests.GroupCreationTests" time="2.129"/>
  <system-out><![CDATA[]]></system-out>
  <system-err><![CDATA[]]></system-err>
</testsuite>
