<?xml version="1.0" encoding="UTF-8"?>
<testsuite name="ru.stqa.pft.soap.GeoIpServiceTests" tests="1" skipped="0" failures="0" errors="0" timestamp="2021-08-31T12:30:18" hostname="N-MSK-RUADMK3" time="0.649">
  <properties/>
  <testcase name="testMyIP" classname="ru.stqa.pft.soap.GeoIpServiceTests" time="0.649"/>
  <system-out><![CDATA[<GeoIP><Country>RU</Country><State>48</State></GeoIP>
]]></system-out>
  <system-err><![CDATA[]]></system-err>
</testsuite>
